2020-06-10 14:45:58,194 DEBUG o.s.b.c.l.ClasspathLoggingApplicationListener [main] Application started with classpath: unknown
2020-06-10 14:45:58,341 INFO o.s.b.StartupInfoLogger [main] Starting Main on VinceLaptop with PID 12045 (/home/vince/workspace/summer/JavaServer/bin/main started by vince in /home/vince/workspace/summer/JavaServer)
2020-06-10 14:45:58,350 DEBUG o.s.b.StartupInfoLogger [main] Running with Spring Boot v2.2.2.RELEASE, Spring v5.2.2.RELEASE
2020-06-10 14:45:58,351 INFO o.s.b.SpringApplication [main] No active profile set, falling back to default profiles: default
2020-06-10 14:45:58,352 DEBUG o.s.b.SpringApplication [main] Loading source class httpControllers.Main
2020-06-10 14:45:58,460 DEBUG o.s.b.l.DeferredLog [main] Loaded config file 'file:/home/vince/workspace/summer/JavaServer/bin/main/application.properties' (classpath:/application.properties)
2020-06-10 14:45:58,462 DEBUG o.s.c.s.AbstractApplicationContext [main] Refreshing org.springframework.boot.web.servlet.context.AnnotationConfigServletWebServerApplicationContext@6ee6f53
2020-06-10 14:45:58,487 DEBUG o.s.b.f.s.DefaultSingletonBeanRegistry [main] Creating shared instance of singleton bean 'org.springframework.context.annotation.internalConfigurationAnnotationProcessor'
2020-06-10 14:45:58,510 DEBUG o.s.b.f.s.DefaultSingletonBeanRegistry [main] Creating shared instance of singleton bean 'org.springframework.boot.autoconfigure.internalCachingMetadataReaderFactory'
2020-06-10 14:45:58,596 DEBUG o.s.c.a.ClassPathScanningCandidateComponentProvider [main] Identified candidate component class: file [/home/vince/workspace/summer/JavaServer/bin/main/httpControllers/CategoryController.class]
2020-06-10 14:45:58,612 DEBUG o.s.c.a.ClassPathScanningCandidateComponentProvider [main] Identified candidate component class: file [/home/vince/workspace/summer/JavaServer/bin/main/httpControllers/MarkController.class]
2020-06-10 14:45:59,276 DEBUG o.s.b.f.s.DefaultSingletonBeanRegistry [main] Creating shared instance of singleton bean 'propertySourcesPlaceholderConfigurer'
2020-06-10 14:45:59,286 DEBUG o.s.b.f.s.DefaultSingletonBeanRegistry [main] Creating shared instance of singleton bean 'org.springframework.boot.context.properties.ConfigurationPropertiesBeanDefinitionValidator'
2020-06-10 14:45:59,362 DEBUG o.s.b.f.s.DefaultSingletonBeanRegistry [main] Creating shared instance of singleton bean 'org.springframework.context.event.internalEventListenerProcessor'
2020-06-10 14:45:59,364 DEBUG o.s.b.f.s.DefaultSingletonBeanRegistry [main] Creating shared instance of singleton bean 'preserveErrorControllerTargetClassPostProcessor'
2020-06-10 14:45:59,365 DEBUG o.s.b.f.s.DefaultSingletonBeanRegistry [main] Creating shared instance of singleton bean 'org.springframework.context.event.internalEventListenerFactory'
2020-06-10 14:45:59,371 DEBUG o.s.b.f.s.DefaultSingletonBeanRegistry [main] Creating shared instance of singleton bean 'org.springframework.context.annotation.internalAutowiredAnnotationProcessor'
2020-06-10 14:45:59,372 DEBUG o.s.b.f.s.DefaultSingletonBeanRegistry [main] Creating shared instance of singleton bean 'org.springframework.context.annotation.internalCommonAnnotationProcessor'
2020-06-10 14:45:59,376 DEBUG o.s.b.f.s.DefaultSingletonBeanRegistry [main] Creating shared instance of singleton bean 'org.springframework.boot.context.properties.ConfigurationPropertiesBindingPostProcessor'
2020-06-10 14:45:59,376 DEBUG o.s.b.f.s.DefaultSingletonBeanRegistry [main] Creating shared instance of singleton bean 'org.springframework.boot.context.internalConfigurationPropertiesBinder'
2020-06-10 14:45:59,377 DEBUG o.s.b.f.s.DefaultSingletonBeanRegistry [main] Creating shared instance of singleton bean 'org.springframework.boot.context.internalConfigurationPropertiesBinderFactory'
2020-06-10 14:45:59,381 DEBUG o.s.b.f.s.DefaultSingletonBeanRegistry [main] Creating shared instance of singleton bean 'methodValidationPostProcessor'
2020-06-10 14:45:59,401 DEBUG o.s.b.f.s.ConstructorResolver [main] Autowiring by type from bean name 'methodValidationPostProcessor' via factory method to bean named 'environment'
2020-06-10 14:45:59,417 DEBUG o.s.b.f.s.DefaultSingletonBeanRegistry [main] Creating shared instance of singleton bean 'webServerFactoryCustomizerBeanPostProcessor'
2020-06-10 14:45:59,419 DEBUG o.s.b.f.s.DefaultSingletonBeanRegistry [main] Creating shared instance of singleton bean 'errorPageRegistrarBeanPostProcessor'
2020-06-10 14:45:59,424 DEBUG o.s.u.c.s.UiApplicationContextUtils [main] Unable to locate ThemeSource with name 'themeSource': using default [org.springframework.ui.context.support.ResourceBundleThemeSource@232cce0]
2020-06-10 14:45:59,425 DEBUG o.s.b.f.s.DefaultSingletonBeanRegistry [main] Creating shared instance of singleton bean 'tomcatServletWebServerFactory'
2020-06-10 14:45:59,425 DEBUG o.s.b.f.s.DefaultSingletonBeanRegistry [main] Creating shared instance of singleton bean 'org.springframework.boot.autoconfigure.web.servlet.ServletWebServerFactoryConfiguration$EmbeddedTomcat'
2020-06-10 14:45:59,480 DEBUG o.s.b.f.s.DefaultSingletonBeanRegistry [main] Creating shared instance of singleton bean 'websocketServletWebServerCustomizer'
2020-06-10 14:45:59,480 DEBUG o.s.b.f.s.DefaultSingletonBeanRegistry [main] Creating shared instance of singleton bean 'org.springframework.boot.autoconfigure.websocket.servlet.WebSocketServletAutoConfiguration$TomcatWebSocketConfiguration'
2020-06-10 14:45:59,483 DEBUG o.s.b.f.s.DefaultSingletonBeanRegistry [main] Creating shared instance of singleton bean 'servletWebServerFactoryCustomizer'
2020-06-10 14:45:59,485 DEBUG o.s.b.f.s.DefaultSingletonBeanRegistry [main] Creating shared instance of singleton bean 'org.springframework.boot.autoconfigure.web.servlet.ServletWebServerFactoryAutoConfiguration'
2020-06-10 14:45:59,487 DEBUG o.s.b.f.s.DefaultSingletonBeanRegistry [main] Creating shared instance of singleton bean 'server-org.springframework.boot.autoconfigure.web.ServerProperties'
2020-06-10 14:45:59,520 DEBUG o.s.b.f.s.ConstructorResolver [main] Autowiring by type from bean name 'servletWebServerFactoryCustomizer' via factory method to bean named 'server-org.springframework.boot.autoconfigure.web.ServerProperties'
2020-06-10 14:45:59,521 DEBUG o.s.b.f.s.DefaultSingletonBeanRegistry [main] Creating shared instance of singleton bean 'tomcatServletWebServerFactoryCustomizer'
2020-06-10 14:45:59,523 DEBUG o.s.b.f.s.ConstructorResolver [main] Autowiring by type from bean name 'tomcatServletWebServerFactoryCustomizer' via factory method to bean named 'server-org.springframework.boot.autoconfigure.web.ServerProperties'
2020-06-10 14:45:59,524 DEBUG o.s.b.f.s.DefaultSingletonBeanRegistry [main] Creating shared instance of singleton bean 'tomcatWebServerFactoryCustomizer'
2020-06-10 14:45:59,525 DEBUG o.s.b.f.s.DefaultSingletonBeanRegistry [main] Creating shared instance of singleton bean 'org.springframework.boot.autoconfigure.web.embedded.EmbeddedWebServerFactoryCustomizerAutoConfiguration$TomcatWebServerFactoryCustomizerConfiguration'
2020-06-10 14:45:59,528 DEBUG o.s.b.f.s.ConstructorResolver [main] Autowiring by type from bean name 'tomcatWebServerFactoryCustomizer' via factory method to bean named 'environment'
2020-06-10 14:45:59,528 DEBUG o.s.b.f.s.ConstructorResolver [main] Autowiring by type from bean name 'tomcatWebServerFactoryCustomizer' via factory method to bean named 'server-org.springframework.boot.autoconfigure.web.ServerProperties'
2020-06-10 14:45:59,530 DEBUG o.s.b.f.s.DefaultSingletonBeanRegistry [main] Creating shared instance of singleton bean 'localeCharsetMappingsCustomizer'
2020-06-10 14:45:59,532 DEBUG o.s.b.f.s.DefaultSingletonBeanRegistry [main] Creating shared instance of singleton bean 'org.springframework.boot.autoconfigure.web.servlet.HttpEncodingAutoConfiguration'
2020-06-10 14:45:59,536 DEBUG o.s.b.f.s.DefaultSingletonBeanRegistry [main] Creating shared instance of singleton bean 'spring.http-org.springframework.boot.autoconfigure.http.HttpProperties'
2020-06-10 14:45:59,539 DEBUG o.s.b.f.s.ConstructorResolver [main] Autowiring by type from bean name 'org.springframework.boot.autoconfigure.web.servlet.HttpEncodingAutoConfiguration' via constructor to bean named 'spring.http-org.springframework.boot.autoconfigure.http.HttpProperties'
2020-06-10 14:45:59,602 DEBUG o.s.b.f.s.DefaultSingletonBeanRegistry [main] Creating shared instance of singleton bean 'errorPageCustomizer'
2020-06-10 14:45:59,603 DEBUG o.s.b.f.s.DefaultSingletonBeanRegistry [main] Creating shared instance of singleton bean 'org.springframework.boot.autoconfigure.web.servlet.error.ErrorMvcAutoConfiguration'
2020-06-10 14:45:59,605 DEBUG o.s.b.f.s.ConstructorResolver [main] Autowiring by type from bean name 'org.springframework.boot.autoconfigure.web.servlet.error.ErrorMvcAutoConfiguration' via constructor to bean named 'server-org.springframework.boot.autoconfigure.web.ServerProperties'
2020-06-10 14:45:59,607 DEBUG o.s.b.f.s.DefaultSingletonBeanRegistry [main] Creating shared instance of singleton bean 'dispatcherServletRegistration'
2020-06-10 14:45:59,608 DEBUG o.s.b.f.s.DefaultSingletonBeanRegistry [main] Creating shared instance of singleton bean 'org.springframework.boot.autoconfigure.web.servlet.DispatcherServletAutoConfiguration$DispatcherServletRegistrationConfiguration'
2020-06-10 14:45:59,611 DEBUG o.s.b.f.s.DefaultSingletonBeanRegistry [main] Creating shared instance of singleton bean 'dispatcherServlet'
2020-06-10 14:45:59,612 DEBUG o.s.b.f.s.DefaultSingletonBeanRegistry [main] Creating shared instance of singleton bean 'org.springframework.boot.autoconfigure.web.servlet.DispatcherServletAutoConfiguration$DispatcherServletConfiguration'
2020-06-10 14:45:59,615 DEBUG o.s.b.f.s.DefaultSingletonBeanRegistry [main] Creating shared instance of singleton bean 'spring.mvc-org.springframework.boot.autoconfigure.web.servlet.WebMvcProperties'
2020-06-10 14:45:59,631 DEBUG o.s.b.f.s.ConstructorResolver [main] Autowiring by type from bean name 'dispatcherServlet' via factory method to bean named 'spring.http-org.springframework.boot.autoconfigure.http.HttpProperties'
2020-06-10 14:45:59,632 DEBUG o.s.b.f.s.ConstructorResolver [main] Autowiring by type from bean name 'dispatcherServlet' via factory method to bean named 'spring.mvc-org.springframework.boot.autoconfigure.web.servlet.WebMvcProperties'
2020-06-10 14:45:59,689 DEBUG o.s.b.f.s.ConstructorResolver [main] Autowiring by type from bean name 'dispatcherServletRegistration' via factory method to bean named 'dispatcherServlet'
2020-06-10 14:45:59,689 DEBUG o.s.b.f.s.ConstructorResolver [main] Autowiring by type from bean name 'dispatcherServletRegistration' via factory method to bean named 'spring.mvc-org.springframework.boot.autoconfigure.web.servlet.WebMvcProperties'
2020-06-10 14:45:59,691 DEBUG o.s.b.f.s.DefaultSingletonBeanRegistry [main] Creating shared instance of singleton bean 'multipartConfigElement'
2020-06-10 14:45:59,692 DEBUG o.s.b.f.s.DefaultSingletonBeanRegistry [main] Creating shared instance of singleton bean 'org.springframework.boot.autoconfigure.web.servlet.MultipartAutoConfiguration'
2020-06-10 14:45:59,693 DEBUG o.s.b.f.s.DefaultSingletonBeanRegistry [main] Creating shared instance of singleton bean 'spring.servlet.multipart-org.springframework.boot.autoconfigure.web.servlet.MultipartProperties'
2020-06-10 14:45:59,707 DEBUG o.s.b.f.s.ConstructorResolver [main] Autowiring by type from bean name 'org.springframework.boot.autoconfigure.web.servlet.MultipartAutoConfiguration' via constructor to bean named 'spring.servlet.multipart-org.springframework.boot.autoconfigure.web.servlet.MultipartProperties'
2020-06-10 14:45:59,718 DEBUG o.s.b.f.s.ConstructorResolver [main] Autowiring by type from bean name 'errorPageCustomizer' via factory method to bean named 'dispatcherServletRegistration'
2020-06-10 14:45:59,850 DEBUG o.s.b.w.s.s.DocumentRoot [main] Code archive: /home/vince/.gradle/caches/modules-2/files-2.1/org.springframework.boot/spring-boot/2.2.2.RELEASE/cc636f24a5ebbfb21f1c8c30ed9c3b13512c16ec/spring-boot-2.2.2.RELEASE.jar
2020-06-10 14:45:59,851 DEBUG o.s.b.w.s.s.DocumentRoot [main] Code archive: /home/vince/.gradle/caches/modules-2/files-2.1/org.springframework.boot/spring-boot/2.2.2.RELEASE/cc636f24a5ebbfb21f1c8c30ed9c3b13512c16ec/spring-boot-2.2.2.RELEASE.jar
2020-06-10 14:45:59,852 DEBUG o.s.b.w.s.s.DocumentRoot [main] None of the document roots [src/main/webapp, public, static] point to a directory and will be ignored.
2020-06-10 14:45:59,892 INFO o.s.b.w.e.t.TomcatWebServer [main] Tomcat initialized with port(s): 8080 (http)
2020-06-10 14:45:59,921 INFO o.a.j.l.DirectJDKLog [main] Initializing ProtocolHandler ["http-nio-8080"]
2020-06-10 14:45:59,924 INFO o.a.j.l.DirectJDKLog [main] Starting service [Tomcat]
2020-06-10 14:45:59,926 INFO o.a.j.l.DirectJDKLog [main] Starting Servlet engine: [Apache Tomcat/9.0.29]
2020-06-10 14:46:00,127 INFO o.a.j.l.DirectJDKLog [main] Initializing Spring embedded WebApplicationContext
2020-06-10 14:46:00,134 DEBUG o.s.b.w.s.c.ServletWebServerApplicationContext [main] Published root WebApplicationContext as ServletContext attribute with name [org.springframework.web.context.WebApplicationContext.ROOT]
2020-06-10 14:46:00,136 INFO o.s.b.w.s.c.ServletWebServerApplicationContext [main] Root WebApplicationContext: initialization completed in 1673 ms
2020-06-10 14:46:00,148 DEBUG o.s.b.f.s.DefaultSingletonBeanRegistry [main] Creating shared instance of singleton bean 'requestContextFilter'
2020-06-10 14:46:00,151 DEBUG o.s.b.f.s.DefaultSingletonBeanRegistry [main] Creating shared instance of singleton bean 'formContentFilter'
2020-06-10 14:46:00,152 DEBUG o.s.b.f.s.DefaultSingletonBeanRegistry [main] Creating shared instance of singleton bean 'org.springframework.boot.autoconfigure.web.servlet.WebMvcAutoConfiguration'
2020-06-10 14:46:00,156 DEBUG o.s.b.f.s.DefaultSingletonBeanRegistry [main] Creating shared instance of singleton bean 'characterEncodingFilter'
2020-06-10 14:46:00,170 DEBUG o.s.b.w.s.ServletContextInitializerBeans [main] Mapping filters: characterEncodingFilter urls=[/*] order=-2147483648, formContentFilter urls=[/*] order=-9900, requestContextFilter urls=[/*] order=-105
2020-06-10 14:46:00,170 DEBUG o.s.b.w.s.ServletContextInitializerBeans [main] Mapping servlets: dispatcherServlet urls=[/]
2020-06-10 14:46:00,202 DEBUG o.s.w.f.GenericFilterBean [main] Filter 'requestContextFilter' configured for use
2020-06-10 14:46:00,203 DEBUG o.s.w.f.GenericFilterBean [main] Filter 'characterEncodingFilter' configured for use
2020-06-10 14:46:00,204 DEBUG o.s.w.f.GenericFilterBean [main] Filter 'formContentFilter' configured for use
2020-06-10 14:46:00,223 DEBUG o.s.b.f.s.DefaultSingletonBeanRegistry [main] Creating shared instance of singleton bean 'main'
2020-06-10 14:46:00,225 DEBUG o.s.b.f.s.DefaultSingletonBeanRegistry [main] Creating shared instance of singleton bean 'categoryController'
2020-06-10 14:46:00,226 DEBUG o.s.b.f.s.DefaultSingletonBeanRegistry [main] Creating shared instance of singleton bean 'markController'
2020-06-10 14:46:00,241 DEBUG o.s.b.f.s.DefaultSingletonBeanRegistry [main] Creating shared instance of singleton bean 'org.springframework.boot.autoconfigure.AutoConfigurationPackages'
2020-06-10 14:46:00,255 DEBUG o.s.b.f.s.DefaultSingletonBeanRegistry [main] Creating shared instance of singleton bean 'org.springframework.boot.autoconfigure.context.PropertyPlaceholderAutoConfiguration'
2020-06-10 14:46:00,256 DEBUG o.s.b.f.s.DefaultSingletonBeanRegistry [main] Creating shared instance of singleton bean 'org.springframework.boot.autoconfigure.websocket.servlet.WebSocketServletAutoConfiguration'
2020-06-10 14:46:00,259 DEBUG o.s.b.f.s.DefaultSingletonBeanRegistry [main] Creating shared instance of singleton bean 'org.springframework.boot.context.properties.ConfigurationBeanFactoryMetadata'
2020-06-10 14:46:00,268 DEBUG o.s.b.f.s.DefaultSingletonBeanRegistry [main] Creating shared instance of singleton bean 'org.springframework.boot.autoconfigure.web.servlet.DispatcherServletAutoConfiguration'
2020-06-10 14:46:00,275 DEBUG o.s.b.f.s.DefaultSingletonBeanRegistry [main] Creating shared instance of singleton bean 'org.springframework.boot.autoconfigure.task.TaskExecutionAutoConfiguration'
2020-06-10 14:46:00,277 DEBUG o.s.b.f.s.DefaultSingletonBeanRegistry [main] Creating shared instance of singleton bean 'taskExecutorBuilder'
2020-06-10 14:46:00,280 DEBUG o.s.b.f.s.DefaultSingletonBeanRegistry [main] Creating shared instance of singleton bean 'spring.task.execution-org.springframework.boot.autoconfigure.task.TaskExecutionProperties'
2020-06-10 14:46:00,297 DEBUG o.s.b.f.s.ConstructorResolver [main] Autowiring by type from bean name 'taskExecutorBuilder' via factory method to bean named 'spring.task.execution-org.springframework.boot.autoconfigure.task.TaskExecutionProperties'
2020-06-10 14:46:00,300 DEBUG o.s.b.f.s.DefaultSingletonBeanRegistry [main] Creating shared instance of singleton bean 'org.springframework.boot.autoconfigure.validation.ValidationAutoConfiguration'
2020-06-10 14:46:00,301 DEBUG o.s.b.f.s.DefaultSingletonBeanRegistry [main] Creating shared instance of singleton bean 'defaultValidator'
2020-06-10 14:46:00,304 DEBUG o.h.v.i.e.r.TraversableResolvers [main] Cannot find javax.persistence.Persistence on classpath. Assuming non JPA 2 environment. All properties will per default be traversable.
2020-06-10 14:46:00,304 DEBUG o.h.v.m.ResourceBundleMessageInterpolator [main] Loaded expression factory via original TCCL
2020-06-10 14:46:00,307 DEBUG o.h.v.i.e.r.TraversableResolvers [main] Cannot find javax.persistence.Persistence on classpath. Assuming non JPA 2 environment. All properties will per default be traversable.
2020-06-10 14:46:00,308 DEBUG o.h.v.i.e.ConfigurationImpl [main] Setting custom MessageInterpolator of type org.springframework.validation.beanvalidation.LocaleContextMessageInterpolator
2020-06-10 14:46:00,309 DEBUG o.h.v.i.e.ConfigurationImpl [main] Setting custom ConstraintValidatorFactory of type org.springframework.validation.beanvalidation.SpringConstraintValidatorFactory
2020-06-10 14:46:00,310 DEBUG o.h.v.i.e.ConfigurationImpl [main] Setting custom ParameterNameProvider of type org.springframework.validation.beanvalidation.LocalValidatorFactoryBean$1
2020-06-10 14:46:00,313 DEBUG o.h.v.i.x.c.ValidationXmlParser [main] Trying to load META-INF/validation.xml for XML based Validator configuration.
2020-06-10 14:46:00,314 DEBUG o.h.v.i.x.c.ResourceLoaderHelper [main] Trying to load META-INF/validation.xml via user class loader
2020-06-10 14:46:00,314 DEBUG o.h.v.i.x.c.ResourceLoaderHelper [main] Trying to load META-INF/validation.xml via TCCL
2020-06-10 14:46:00,315 DEBUG o.h.v.i.x.c.ResourceLoaderHelper [main] Trying to load META-INF/validation.xml via Hibernate Validator's class loader
2020-06-10 14:46:00,315 DEBUG o.h.v.i.x.c.ValidationXmlParser [main] No META-INF/validation.xml found. Using annotation based configuration only.
2020-06-10 14:46:00,322 DEBUG o.h.v.i.e.ValidatorFactoryImpl [main] HV000234: Using org.springframework.validation.beanvalidation.LocaleContextMessageInterpolator as ValidatorFactory-scoped message interpolator.
2020-06-10 14:46:00,323 DEBUG o.h.v.i.e.ValidatorFactoryImpl [main] HV000234: Using org.hibernate.validator.internal.engine.resolver.TraverseAllTraversableResolver as ValidatorFactory-scoped traversable resolver.
2020-06-10 14:46:00,323 DEBUG o.h.v.i.e.ValidatorFactoryImpl [main] HV000234: Using org.hibernate.validator.internal.util.ExecutableParameterNameProvider as ValidatorFactory-scoped parameter name provider.
2020-06-10 14:46:00,324 DEBUG o.h.v.i.e.ValidatorFactoryImpl [main] HV000234: Using org.hibernate.validator.internal.engine.DefaultClockProvider as ValidatorFactory-scoped clock provider.
2020-06-10 14:46:00,324 DEBUG o.h.v.i.e.ValidatorFactoryImpl [main] HV000234: Using org.hibernate.validator.internal.engine.scripting.DefaultScriptEvaluatorFactory as ValidatorFactory-scoped script evaluator factory.
2020-06-10 14:46:00,326 DEBUG o.s.b.f.s.DefaultSingletonBeanRegistry [main] Creating shared instance of singleton bean 'org.springframework.boot.autoconfigure.web.servlet.error.ErrorMvcAutoConfiguration$WhitelabelErrorViewConfiguration'
2020-06-10 14:46:00,328 DEBUG o.s.b.f.s.DefaultSingletonBeanRegistry [main] Creating shared instance of singleton bean 'error'
2020-06-10 14:46:00,329 DEBUG o.s.b.f.s.DefaultSingletonBeanRegistry [main] Creating shared instance of singleton bean 'beanNameViewResolver'
2020-06-10 14:46:00,332 DEBUG o.s.b.f.s.DefaultSingletonBeanRegistry [main] Creating shared instance of singleton bean 'org.springframework.boot.autoconfigure.web.servlet.error.ErrorMvcAutoConfiguration$DefaultErrorViewResolverConfiguration'
2020-06-10 14:46:00,333 DEBUG o.s.b.f.s.DefaultSingletonBeanRegistry [main] Creating shared instance of singleton bean 'spring.resources-org.springframework.boot.autoconfigure.web.ResourceProperties'
2020-06-10 14:46:00,338 DEBUG o.s.b.f.s.ConstructorResolver [main] Autowiring by type from bean name 'org.springframework.boot.autoconfigure.web.servlet.error.ErrorMvcAutoConfiguration$DefaultErrorViewResolverConfiguration' via constructor to bean named 'org.springframework.boot.web.servlet.context.AnnotationConfigServletWebServerApplicationContext@6ee6f53'
2020-06-10 14:46:00,338 DEBUG o.s.b.f.s.ConstructorResolver [main] Autowiring by type from bean name 'org.springframework.boot.autoconfigure.web.servlet.error.ErrorMvcAutoConfiguration$DefaultErrorViewResolverConfiguration' via constructor to bean named 'spring.resources-org.springframework.boot.autoconfigure.web.ResourceProperties'
2020-06-10 14:46:00,339 DEBUG o.s.b.f.s.DefaultSingletonBeanRegistry [main] Creating shared instance of singleton bean 'conventionErrorViewResolver'
2020-06-10 14:46:00,341 DEBUG o.s.b.f.s.DefaultSingletonBeanRegistry [main] Creating shared instance of singleton bean 'errorAttributes'
2020-06-10 14:46:00,342 DEBUG o.s.b.f.s.DefaultSingletonBeanRegistry [main] Creating shared instance of singleton bean 'basicErrorController'
2020-06-10 14:46:00,343 DEBUG o.s.b.f.s.ConstructorResolver [main] Autowiring by type from bean name 'basicErrorController' via factory method to bean named 'errorAttributes'
2020-06-10 14:46:00,346 DEBUG o.s.b.f.s.DefaultSingletonBeanRegistry [main] Creating shared instance of singleton bean 'org.springframework.boot.autoconfigure.web.servlet.WebMvcAutoConfiguration$EnableWebMvcConfiguration'
2020-06-10 14:46:00,353 DEBUG o.s.b.f.s.ConstructorResolver [main] Autowiring by type from bean name 'org.springframework.boot.autoconfigure.web.servlet.WebMvcAutoConfiguration$EnableWebMvcConfiguration' via constructor to bean named 'spring.resources-org.springframework.boot.autoconfigure.web.ResourceProperties'
2020-06-10 14:46:00,354 DEBUG o.s.b.f.s.ConstructorResolver [main] Autowiring by type from bean name 'org.springframework.boot.autoconfigure.web.servlet.WebMvcAutoConfiguration$EnableWebMvcConfiguration' via constructor to bean named 'org.springframework.beans.factory.support.DefaultListableBeanFactory@7a8fa663'
2020-06-10 14:46:00,397 DEBUG o.s.b.f.s.DefaultSingletonBeanRegistry [main] Creating shared instance of singleton bean 'org.springframework.boot.autoconfigure.web.servlet.WebMvcAutoConfiguration$WebMvcAutoConfigurationAdapter'
2020-06-10 14:46:00,402 DEBUG o.s.b.f.s.ConstructorResolver [main] Autowiring by type from bean name 'org.springframework.boot.autoconfigure.web.servlet.WebMvcAutoConfiguration$WebMvcAutoConfigurationAdapter' via constructor to bean named 'spring.resources-org.springframework.boot.autoconfigure.web.ResourceProperties'
2020-06-10 14:46:00,407 DEBUG o.s.b.f.s.ConstructorResolver [main] Autowiring by type from bean name 'org.springframework.boot.autoconfigure.web.servlet.WebMvcAutoConfiguration$WebMvcAutoConfigurationAdapter' via constructor to bean named 'spring.mvc-org.springframework.boot.autoconfigure.web.servlet.WebMvcProperties'
2020-06-10 14:46:00,407 DEBUG o.s.b.f.s.ConstructorResolver [main] Autowiring by type from bean name 'org.springframework.boot.autoconfigure.web.servlet.WebMvcAutoConfiguration$WebMvcAutoConfigurationAdapter' via constructor to bean named 'org.springframework.beans.factory.support.DefaultListableBeanFactory@7a8fa663'
2020-06-10 14:46:00,413 DEBUG o.s.b.f.s.DefaultSingletonBeanRegistry [main] Creating shared instance of singleton bean 'requestMappingHandlerAdapter'
2020-06-10 14:46:00,423 DEBUG o.s.b.f.s.DefaultSingletonBeanRegistry [main] Creating shared instance of singleton bean 'mvcContentNegotiationManager'
2020-06-10 14:46:00,440 DEBUG o.s.b.f.s.DefaultSingletonBeanRegistry [main] Creating shared instance of singleton bean 'mvcConversionService'
2020-06-10 14:46:00,456 DEBUG o.s.b.f.s.DefaultSingletonBeanRegistry [main] Creating shared instance of singleton bean 'mvcValidator'
2020-06-10 14:46:00,459 DEBUG o.s.b.f.s.ConstructorResolver [main] Autowiring by type from bean name 'requestMappingHandlerAdapter' via factory method to bean named 'mvcContentNegotiationManager'
2020-06-10 14:46:00,459 DEBUG o.s.b.f.s.ConstructorResolver [main] Autowiring by type from bean name 'requestMappingHandlerAdapter' via factory method to bean named 'mvcConversionService'
2020-06-10 14:46:00,461 DEBUG o.s.b.f.s.ConstructorResolver [main] Autowiring by type from bean name 'requestMappingHandlerAdapter' via factory method to bean named 'mvcValidator'
2020-06-10 14:46:00,475 DEBUG o.s.b.f.s.ConstructorResolver [main] Autowiring by type from bean name 'requestMappingHandlerAdapter' via factory method to bean named 'mvcContentNegotiationManager'
2020-06-10 14:46:00,475 DEBUG o.s.b.f.s.ConstructorResolver [main] Autowiring by type from bean name 'requestMappingHandlerAdapter' via factory method to bean named 'mvcConversionService'
2020-06-10 14:46:00,476 DEBUG o.s.b.f.s.ConstructorResolver [main] Autowiring by type from bean name 'requestMappingHandlerAdapter' via factory method to bean named 'mvcValidator'
2020-06-10 14:46:00,496 DEBUG o.s.b.f.s.DefaultSingletonBeanRegistry [main] Creating shared instance of singleton bean 'messageConverters'
2020-06-10 14:46:00,497 DEBUG o.s.b.f.s.DefaultSingletonBeanRegistry [main] Creating shared instance of singleton bean 'org.springframework.boot.autoconfigure.http.HttpMessageConvertersAutoConfiguration'
2020-06-10 14:46:00,509 DEBUG o.s.b.f.s.DefaultSingletonBeanRegistry [main] Creating shared instance of singleton bean 'stringHttpMessageConverter'
2020-06-10 14:46:00,509 DEBUG o.s.b.f.s.DefaultSingletonBeanRegistry [main] Creating shared instance of singleton bean 'org.springframework.boot.autoconfigure.http.HttpMessageConvertersAutoConfiguration$StringHttpMessageConverterConfiguration'
2020-06-10 14:46:00,514 DEBUG o.s.b.f.s.ConstructorResolver [main] Autowiring by type from bean name 'stringHttpMessageConverter' via factory method to bean named 'spring.http-org.springframework.boot.autoconfigure.http.HttpProperties'
2020-06-10 14:46:00,530 DEBUG o.s.b.f.s.DefaultSingletonBeanRegistry [main] Creating shared instance of singleton bean 'mappingJackson2HttpMessageConverter'
2020-06-10 14:46:00,531 DEBUG o.s.b.f.s.DefaultSingletonBeanRegistry [main] Creating shared instance of singleton bean 'org.springframework.boot.autoconfigure.http.JacksonHttpMessageConvertersConfiguration$MappingJackson2HttpMessageConverterConfiguration'
2020-06-10 14:46:00,533 DEBUG o.s.b.f.s.DefaultSingletonBeanRegistry [main] Creating shared instance of singleton bean 'jacksonObjectMapper'
2020-06-10 14:46:00,533 DEBUG o.s.b.f.s.DefaultSingletonBeanRegistry [main] Creating shared instance of singleton bean 'org.springframework.boot.autoconfigure.jackson.JacksonAutoConfiguration$JacksonObjectMapperConfiguration'
2020-06-10 14:46:00,535 DEBUG o.s.b.f.s.DefaultSingletonBeanRegistry [main] Creating shared instance of singleton bean 'org.springframework.boot.autoconfigure.jackson.JacksonAutoConfiguration$JacksonObjectMapperBuilderConfiguration'
2020-06-10 14:46:00,537 DEBUG o.s.b.f.s.DefaultSingletonBeanRegistry [main] Creating shared instance of singleton bean 'standardJacksonObjectMapperBuilderCustomizer'
2020-06-10 14:46:00,538 DEBUG o.s.b.f.s.DefaultSingletonBeanRegistry [main] Creating shared instance of singleton bean 'org.springframework.boot.autoconfigure.jackson.JacksonAutoConfiguration$Jackson2ObjectMapperBuilderCustomizerConfiguration'
2020-06-10 14:46:00,546 DEBUG o.s.b.f.s.DefaultSingletonBeanRegistry [main] Creating shared instance of singleton bean 'spring.jackson-org.springframework.boot.autoconfigure.jackson.JacksonProperties'
2020-06-10 14:46:00,561 DEBUG o.s.b.f.s.ConstructorResolver [main] Autowiring by type from bean name 'standardJacksonObjectMapperBuilderCustomizer' via factory method to bean named 'org.springframework.boot.web.servlet.context.AnnotationConfigServletWebServerApplicationContext@6ee6f53'
2020-06-10 14:46:00,561 DEBUG o.s.b.f.s.ConstructorResolver [main] Autowiring by type from bean name 'standardJacksonObjectMapperBuilderCustomizer' via factory method to bean named 'spring.jackson-org.springframework.boot.autoconfigure.jackson.JacksonProperties'
2020-06-10 14:46:00,562 DEBUG o.s.b.f.s.ConstructorResolver [main] Autowiring by type from bean name 'jacksonObjectMapperBuilder' via factory method to bean named 'org.springframework.boot.web.servlet.context.AnnotationConfigServletWebServerApplicationContext@6ee6f53'
2020-06-10 14:46:00,563 DEBUG o.s.b.f.s.ConstructorResolver [main] Autowiring by type from bean name 'jacksonObjectMapperBuilder' via factory method to bean named 'standardJacksonObjectMapperBuilderCustomizer'
2020-06-10 14:46:00,565 DEBUG o.s.b.f.s.DefaultSingletonBeanRegistry [main] Creating shared instance of singleton bean 'parameterNamesModule'
2020-06-10 14:46:00,566 DEBUG o.s.b.f.s.DefaultSingletonBeanRegistry [main] Creating shared instance of singleton bean 'org.springframework.boot.autoconfigure.jackson.JacksonAutoConfiguration$ParameterNamesModuleConfiguration'
2020-06-10 14:46:00,573 DEBUG o.s.b.f.s.DefaultSingletonBeanRegistry [main] Creating shared instance of singleton bean 'jsonComponentModule'
2020-06-10 14:46:00,573 DEBUG o.s.b.f.s.DefaultSingletonBeanRegistry [main] Creating shared instance of singleton bean 'org.springframework.boot.autoconfigure.jackson.JacksonAutoConfiguration'
2020-06-10 14:46:00,592 DEBUG o.s.b.f.s.ConstructorResolver [main] Autowiring by type from bean name 'jacksonObjectMapper' via factory method to bean named 'jacksonObjectMapperBuilder'
2020-06-10 14:46:00,610 DEBUG o.s.b.f.s.ConstructorResolver [main] Autowiring by type from bean name 'mappingJackson2HttpMessageConverter' via factory method to bean named 'jacksonObjectMapper'
2020-06-10 14:46:00,632 DEBUG o.s.b.f.s.DefaultSingletonBeanRegistry [main] Creating shared instance of singleton bean 'applicationTaskExecutor'
2020-06-10 14:46:00,633 DEBUG o.s.b.f.s.ConstructorResolver [main] Autowiring by type from bean name 'applicationTaskExecutor' via factory method to bean named 'taskExecutorBuilder'
2020-06-10 14:46:00,645 INFO o.s.s.c.ExecutorConfigurationSupport [main] Initializing ExecutorService 'applicationTaskExecutor'
2020-06-10 14:46:00,666 DEBUG o.s.w.s.m.m.a.RequestMappingHandlerAdapter [main] ControllerAdvice beans: 0 @ModelAttribute, 0 @InitBinder, 1 RequestBodyAdvice, 1 ResponseBodyAdvice
2020-06-10 14:46:00,705 DEBUG o.s.b.f.s.DefaultSingletonBeanRegistry [main] Creating shared instance of singleton bean 'requestMappingHandlerMapping'
2020-06-10 14:46:00,708 DEBUG o.s.b.f.s.DefaultSingletonBeanRegistry [main] Creating shared instance of singleton bean 'mvcResourceUrlProvider'
2020-06-10 14:46:00,710 DEBUG o.s.b.f.s.ConstructorResolver [main] Autowiring by type from bean name 'requestMappingHandlerMapping' via factory method to bean named 'mvcContentNegotiationManager'
2020-06-10 14:46:00,710 DEBUG o.s.b.f.s.ConstructorResolver [main] Autowiring by type from bean name 'requestMappingHandlerMapping' via factory method to bean named 'mvcConversionService'
2020-06-10 14:46:00,710 DEBUG o.s.b.f.s.ConstructorResolver [main] Autowiring by type from bean name 'requestMappingHandlerMapping' via factory method to bean named 'mvcResourceUrlProvider'
2020-06-10 14:46:00,714 DEBUG o.s.b.f.s.ConstructorResolver [main] Autowiring by type from bean name 'requestMappingHandlerMapping' via factory method to bean named 'mvcContentNegotiationManager'
2020-06-10 14:46:00,715 DEBUG o.s.b.f.s.ConstructorResolver [main] Autowiring by type from bean name 'requestMappingHandlerMapping' via factory method to bean named 'mvcConversionService'
2020-06-10 14:46:00,715 DEBUG o.s.b.f.s.ConstructorResolver [main] Autowiring by type from bean name 'requestMappingHandlerMapping' via factory method to bean named 'mvcResourceUrlProvider'
2020-06-10 14:46:00,793 DEBUG o.s.w.s.h.AbstractHandlerMethodMapping [main] 8 mappings in 'requestMappingHandlerMapping'
2020-06-10 14:46:00,794 DEBUG o.s.b.f.s.DefaultSingletonBeanRegistry [main] Creating shared instance of singleton bean 'welcomePageHandlerMapping'
2020-06-10 14:46:00,797 DEBUG o.s.b.f.s.ConstructorResolver [main] Autowiring by type from bean name 'welcomePageHandlerMapping' via factory method to bean named 'org.springframework.boot.web.servlet.context.AnnotationConfigServletWebServerApplicationContext@6ee6f53'
2020-06-10 14:46:00,797 DEBUG o.s.b.f.s.ConstructorResolver [main] Autowiring by type from bean name 'welcomePageHandlerMapping' via factory method to bean named 'mvcConversionService'
2020-06-10 14:46:00,797 DEBUG o.s.b.f.s.ConstructorResolver [main] Autowiring by type from bean name 'welcomePageHandlerMapping' via factory method to bean named 'mvcResourceUrlProvider'
2020-06-10 14:46:00,804 DEBUG o.s.b.f.s.DefaultSingletonBeanRegistry [main] Creating shared instance of singleton bean 'mvcPathMatcher'
2020-06-10 14:46:00,805 DEBUG o.s.b.f.s.DefaultSingletonBeanRegistry [main] Creating shared instance of singleton bean 'mvcUrlPathHelper'
2020-06-10 14:46:00,806 DEBUG o.s.b.f.s.DefaultSingletonBeanRegistry [main] Creating shared instance of singleton bean 'viewControllerHandlerMapping'
2020-06-10 14:46:00,809 DEBUG o.s.b.f.s.ConstructorResolver [main] Autowiring by type from bean name 'viewControllerHandlerMapping' via factory method to bean named 'mvcPathMatcher'
2020-06-10 14:46:00,809 DEBUG o.s.b.f.s.ConstructorResolver [main] Autowiring by type from bean name 'viewControllerHandlerMapping' via factory method to bean named 'mvcUrlPathHelper'
2020-06-10 14:46:00,809 DEBUG o.s.b.f.s.ConstructorResolver [main] Autowiring by type from bean name 'viewControllerHandlerMapping' via factory method to bean named 'mvcConversionService'
2020-06-10 14:46:00,810 DEBUG o.s.b.f.s.ConstructorResolver [main] Autowiring by type from bean name 'viewControllerHandlerMapping' via factory method to bean named 'mvcResourceUrlProvider'
2020-06-10 14:46:00,810 DEBUG o.s.b.f.s.DefaultSingletonBeanRegistry [main] Creating shared instance of singleton bean 'beanNameHandlerMapping'
2020-06-10 14:46:00,812 DEBUG o.s.b.f.s.ConstructorResolver [main] Autowiring by type from bean name 'beanNameHandlerMapping' via factory method to bean named 'mvcConversionService'
2020-06-10 14:46:00,812 DEBUG o.s.b.f.s.ConstructorResolver [main] Autowiring by type from bean name 'beanNameHandlerMapping' via factory method to bean named 'mvcResourceUrlProvider'
2020-06-10 14:46:00,815 DEBUG o.s.b.f.s.DefaultSingletonBeanRegistry [main] Creating shared instance of singleton bean 'routerFunctionMapping'
2020-06-10 14:46:00,816 DEBUG o.s.b.f.s.ConstructorResolver [main] Autowiring by type from bean name 'routerFunctionMapping' via factory method to bean named 'mvcConversionService'
2020-06-10 14:46:00,817 DEBUG o.s.b.f.s.ConstructorResolver [main] Autowiring by type from bean name 'routerFunctionMapping' via factory method to bean named 'mvcResourceUrlProvider'
2020-06-10 14:46:00,820 DEBUG o.s.b.f.s.DefaultSingletonBeanRegistry [main] Creating shared instance of singleton bean 'resourceHandlerMapping'
2020-06-10 14:46:00,822 DEBUG o.s.b.f.s.ConstructorResolver [main] Autowiring by type from bean name 'resourceHandlerMapping' via factory method to bean named 'mvcUrlPathHelper'
2020-06-10 14:46:00,823 DEBUG o.s.b.f.s.ConstructorResolver [main] Autowiring by type from bean name 'resourceHandlerMapping' via factory method to bean named 'mvcPathMatcher'
2020-06-10 14:46:00,823 DEBUG o.s.b.f.s.ConstructorResolver [main] Autowiring by type from bean name 'resourceHandlerMapping' via factory method to bean named 'mvcContentNegotiationManager'
2020-06-10 14:46:00,823 DEBUG o.s.b.f.s.ConstructorResolver [main] Autowiring by type from bean name 'resourceHandlerMapping' via factory method to bean named 'mvcConversionService'
2020-06-10 14:46:00,823 DEBUG o.s.b.f.s.ConstructorResolver [main] Autowiring by type from bean name 'resourceHandlerMapping' via factory method to bean named 'mvcResourceUrlProvider'
2020-06-10 14:46:00,837 DEBUG o.s.w.s.h.SimpleUrlHandlerMapping [main] Patterns [/webjars/**, /**] in 'resourceHandlerMapping'
2020-06-10 14:46:00,837 DEBUG o.s.b.f.s.DefaultSingletonBeanRegistry [main] Creating shared instance of singleton bean 'defaultServletHandlerMapping'
2020-06-10 14:46:00,838 DEBUG o.s.b.f.s.DefaultSingletonBeanRegistry [main] Creating shared instance of singleton bean 'handlerFunctionAdapter'
2020-06-10 14:46:00,840 DEBUG o.s.b.f.s.DefaultSingletonBeanRegistry [main] Creating shared instance of singleton bean 'mvcUriComponentsContributor'
2020-06-10 14:46:00,841 DEBUG o.s.b.f.s.ConstructorResolver [main] Autowiring by type from bean name 'mvcUriComponentsContributor' via factory method to bean named 'mvcConversionService'
2020-06-10 14:46:00,842 DEBUG o.s.b.f.s.ConstructorResolver [main] Autowiring by type from bean name 'mvcUriComponentsContributor' via factory method to bean named 'requestMappingHandlerAdapter'
2020-06-10 14:46:00,844 DEBUG o.s.b.f.s.DefaultSingletonBeanRegistry [main] Creating shared instance of singleton bean 'httpRequestHandlerAdapter'
2020-06-10 14:46:00,845 DEBUG o.s.b.f.s.DefaultSingletonBeanRegistry [main] Creating shared instance of singleton bean 'simpleControllerHandlerAdapter'
2020-06-10 14:46:00,846 DEBUG o.s.b.f.s.DefaultSingletonBeanRegistry [main] Creating shared instance of singleton bean 'handlerExceptionResolver'
2020-06-10 14:46:00,847 DEBUG o.s.b.f.s.ConstructorResolver [main] Autowiring by type from bean name 'handlerExceptionResolver' via factory method to bean named 'mvcContentNegotiationManager'
2020-06-10 14:46:00,852 DEBUG o.s.w.s.m.m.a.ExceptionHandlerExceptionResolver [main] ControllerAdvice beans: 0 @ExceptionHandler, 1 ResponseBodyAdvice
2020-06-10 14:46:00,855 DEBUG o.s.b.f.s.DefaultSingletonBeanRegistry [main] Creating shared instance of singleton bean 'mvcViewResolver'
2020-06-10 14:46:00,855 DEBUG o.s.b.f.s.ConstructorResolver [main] Autowiring by type from bean name 'mvcViewResolver' via factory method to bean named 'mvcContentNegotiationManager'
2020-06-10 14:46:00,858 DEBUG o.s.b.f.s.DefaultSingletonBeanRegistry [main] Creating shared instance of singleton bean 'defaultViewResolver'
2020-06-10 14:46:00,862 DEBUG o.s.b.f.s.DefaultSingletonBeanRegistry [main] Creating shared instance of singleton bean 'viewResolver'
2020-06-10 14:46:00,863 DEBUG o.s.b.f.s.ConstructorResolver [main] Autowiring by type from bean name 'viewResolver' via factory method to bean named 'org.springframework.beans.factory.support.DefaultListableBeanFactory@7a8fa663'
2020-06-10 14:46:00,865 DEBUG o.s.b.f.s.DefaultSingletonBeanRegistry [main] Creating shared instance of singleton bean 'org.springframework.boot.autoconfigure.aop.AopAutoConfiguration$ClassProxyingConfiguration'
2020-06-10 14:46:00,866 DEBUG o.s.b.f.s.ConstructorResolver [main] Autowiring by type from bean name 'org.springframework.boot.autoconfigure.aop.AopAutoConfiguration$ClassProxyingConfiguration' via constructor to bean named 'org.springframework.beans.factory.support.DefaultListableBeanFactory@7a8fa663'
2020-06-10 14:46:00,868 DEBUG o.s.b.f.s.DefaultSingletonBeanRegistry [main] Creating shared instance of singleton bean 'org.springframework.boot.autoconfigure.aop.AopAutoConfiguration'
2020-06-10 14:46:00,869 DEBUG o.s.b.f.s.DefaultSingletonBeanRegistry [main] Creating shared instance of singleton bean 'org.springframework.boot.autoconfigure.context.ConfigurationPropertiesAutoConfiguration'
2020-06-10 14:46:00,870 DEBUG o.s.b.f.s.DefaultSingletonBeanRegistry [main] Creating shared instance of singleton bean 'org.springframework.boot.autoconfigure.http.JacksonHttpMessageConvertersConfiguration'
2020-06-10 14:46:00,870 DEBUG o.s.b.f.s.DefaultSingletonBeanRegistry [main] Creating shared instance of singleton bean 'org.springframework.boot.autoconfigure.info.ProjectInfoAutoConfiguration'
2020-06-10 14:46:00,872 DEBUG o.s.b.f.s.DefaultSingletonBeanRegistry [main] Creating shared instance of singleton bean 'spring.info-org.springframework.boot.autoconfigure.info.ProjectInfoProperties'
2020-06-10 14:46:00,874 DEBUG o.s.b.f.s.ConstructorResolver [main] Autowiring by type from bean name 'org.springframework.boot.autoconfigure.info.ProjectInfoAutoConfiguration' via constructor to bean named 'spring.info-org.springframework.boot.autoconfigure.info.ProjectInfoProperties'
2020-06-10 14:46:00,874 DEBUG o.s.b.f.s.DefaultSingletonBeanRegistry [main] Creating shared instance of singleton bean 'org.springframework.boot.autoconfigure.security.oauth2.resource.servlet.OAuth2ResourceServerAutoConfiguration'
2020-06-10 14:46:00,875 DEBUG o.s.b.f.s.DefaultSingletonBeanRegistry [main] Creating shared instance of singleton bean 'spring.security.oauth2.resourceserver-org.springframework.boot.autoconfigure.security.oauth2.resource.OAuth2ResourceServerProperties'
2020-06-10 14:46:00,876 DEBUG o.s.b.f.s.DefaultSingletonBeanRegistry [main] Creating shared instance of singleton bean 'org.springframework.boot.autoconfigure.task.TaskSchedulingAutoConfiguration'
2020-06-10 14:46:00,878 DEBUG o.s.b.f.s.DefaultSingletonBeanRegistry [main] Creating shared instance of singleton bean 'taskSchedulerBuilder'
2020-06-10 14:46:00,879 DEBUG o.s.b.f.s.DefaultSingletonBeanRegistry [main] Creating shared instance of singleton bean 'spring.task.scheduling-org.springframework.boot.autoconfigure.task.TaskSchedulingProperties'
2020-06-10 14:46:00,881 DEBUG o.s.b.f.s.ConstructorResolver [main] Autowiring by type from bean name 'taskSchedulerBuilder' via factory method to bean named 'spring.task.scheduling-org.springframework.boot.autoconfigure.task.TaskSchedulingProperties'
2020-06-10 14:46:00,883 DEBUG o.s.b.f.s.DefaultSingletonBeanRegistry [main] Creating shared instance of singleton bean 'org.springframework.boot.autoconfigure.web.client.RestTemplateAutoConfiguration'
2020-06-10 14:46:00,883 DEBUG o.s.b.f.s.DefaultSingletonBeanRegistry [main] Creating shared instance of singleton bean 'restTemplateBuilder'
2020-06-10 14:46:00,887 DEBUG o.s.b.f.s.DefaultSingletonBeanRegistry [main] Creating shared instance of singleton bean 'org.springframework.boot.autoconfigure.web.embedded.EmbeddedWebServerFactoryCustomizerAutoConfiguration'
2020-06-10 14:46:00,888 DEBUG o.s.b.f.s.DefaultSingletonBeanRegistry [main] Creating shared instance of singleton bean 'multipartResolver'
2020-06-10 14:46:00,933 DEBUG o.s.b.a.l.ConditionEvaluationReportLoggingListener [main] 


============================
CONDITIONS EVALUATION REPORT
============================


Positive matches:
-----------------

   AopAutoConfiguration matched:
      - @ConditionalOnProperty (spring.aop.auto=true) matched (OnPropertyCondition)

   AopAutoConfiguration.ClassProxyingConfiguration matched:
      - @ConditionalOnMissingClass did not find unwanted class 'org.aspectj.weaver.Advice' (OnClassCondition)
      - @ConditionalOnProperty (spring.aop.proxy-target-class=true) matched (OnPropertyCondition)

   DispatcherServletAutoConfiguration matched:
      - @ConditionalOnClass found required class 'org.springframework.web.servlet.DispatcherServlet' (OnClassCondition)
      - found 'session' scope (OnWebApplicationCondition)

   DispatcherServletAutoConfiguration.DispatcherServletConfiguration matched:
      - @ConditionalOnClass found required class 'javax.servlet.ServletRegistration' (OnClassCondition)
      - Default DispatcherServlet did not find dispatcher servlet beans (DispatcherServletAutoConfiguration.DefaultDispatcherServletCondition)

   DispatcherServletAutoConfiguration.DispatcherServletRegistrationConfiguration matched:
      - @ConditionalOnClass found required class 'javax.servlet.ServletRegistration' (OnClassCondition)
      - DispatcherServlet Registration did not find servlet registration bean (DispatcherServletAutoConfiguration.DispatcherServletRegistrationCondition)

   DispatcherServletAutoConfiguration.DispatcherServletRegistrationConfiguration#dispatcherServletRegistration matched:
      - @ConditionalOnBean (names: dispatcherServlet types: org.springframework.web.servlet.DispatcherServlet; SearchStrategy: all) found bean 'dispatcherServlet' (OnBeanCondition)

   EmbeddedWebServerFactoryCustomizerAutoConfiguration matched:
      - @ConditionalOnWebApplication (required) found 'session' scope (OnWebApplicationCondition)

   EmbeddedWebServerFactoryCustomizerAutoConfiguration.TomcatWebServerFactoryCustomizerConfiguration matched:
      - @ConditionalOnClass found required classes 'org.apache.catalina.startup.Tomcat', 'org.apache.coyote.UpgradeProtocol' (OnClassCondition)

   ErrorMvcAutoConfiguration matched:
      - @ConditionalOnClass found required classes 'javax.servlet.Servlet', 'org.springframework.web.servlet.DispatcherServlet' (OnClassCondition)
      - found 'session' scope (OnWebApplicationCondition)

   ErrorMvcAutoConfiguration#basicErrorController matched:
      - @ConditionalOnBean (types: org.springframework.boot.web.servlet.error.ErrorController; SearchStrategy: current) did not find any beans (OnBeanCondition)

   ErrorMvcAutoConfiguration#errorAttributes matched:
      - @ConditionalOnBean (types: org.springframework.boot.web.servlet.error.ErrorAttributes; SearchStrategy: current) did not find any beans (OnBeanCondition)

   ErrorMvcAutoConfiguration.DefaultErrorViewResolverConfiguration#conventionErrorViewResolver matched:
      - @ConditionalOnBean (types: org.springframework.web.servlet.DispatcherServlet; SearchStrategy: all) found bean 'dispatcherServlet'; @ConditionalOnBean (types: org.springframework.boot.autoconfigure.web.servlet.error.ErrorViewResolver; SearchStrategy: all) did not find any beans (OnBeanCondition)

   ErrorMvcAutoConfiguration.WhitelabelErrorViewConfiguration matched:
      - @ConditionalOnProperty (server.error.whitelabel.enabled) matched (OnPropertyCondition)
      - ErrorTemplate Missing did not find error template view (ErrorMvcAutoConfiguration.ErrorTemplateMissingCondition)

   ErrorMvcAutoConfiguration.WhitelabelErrorViewConfiguration#beanNameViewResolver matched:
      - @ConditionalOnBean (types: org.springframework.web.servlet.view.BeanNameViewResolver; SearchStrategy: all) did not find any beans (OnBeanCondition)

   ErrorMvcAutoConfiguration.WhitelabelErrorViewConfiguration#defaultErrorView matched:
      - @ConditionalOnBean (names: error; SearchStrategy: all) did not find any beans (OnBeanCondition)

   GenericCacheConfiguration matched:
      - Cache org.springframework.boot.autoconfigure.cache.GenericCacheConfiguration automatic cache type (CacheCondition)

   HttpEncodingAutoConfiguration matched:
      - @ConditionalOnClass found required class 'org.springframework.web.filter.CharacterEncodingFilter' (OnClassCondition)
      - found 'session' scope (OnWebApplicationCondition)
      - @ConditionalOnProperty (spring.http.encoding.enabled) matched (OnPropertyCondition)

   HttpEncodingAutoConfiguration#characterEncodingFilter matched:
      - @ConditionalOnBean (types: org.springframework.web.filter.CharacterEncodingFilter; SearchStrategy: all) did not find any beans (OnBeanCondition)

   HttpMessageConvertersAutoConfiguration matched:
      - @ConditionalOnClass found required class 'org.springframework.http.converter.HttpMessageConverter' (OnClassCondition)
      - NoneNestedConditions 0 matched 1 did not; NestedCondition on HttpMessageConvertersAutoConfiguration.NotReactiveWebApplicationCondition.ReactiveWebApplication did not find reactive web application classes (HttpMessageConvertersAutoConfiguration.NotReactiveWebApplicationCondition)

   HttpMessageConvertersAutoConfiguration#messageConverters matched:
      - @ConditionalOnBean (types: org.springframework.boot.autoconfigure.http.HttpMessageConverters; SearchStrategy: all) did not find any beans (OnBeanCondition)

   HttpMessageConvertersAutoConfiguration.StringHttpMessageConverterConfiguration matched:
      - @ConditionalOnClass found required class 'org.springframework.http.converter.StringHttpMessageConverter' (OnClassCondition)

   HttpMessageConvertersAutoConfiguration.StringHttpMessageConverterConfiguration#stringHttpMessageConverter matched:
      - @ConditionalOnBean (types: org.springframework.http.converter.StringHttpMessageConverter; SearchStrategy: all) did not find any beans (OnBeanCondition)

   JacksonAutoConfiguration matched:
      - @ConditionalOnClass found required class 'com.fasterxml.jackson.databind.ObjectMapper' (OnClassCondition)

   JacksonAutoConfiguration.Jackson2ObjectMapperBuilderCustomizerConfiguration matched:
      - @ConditionalOnClass found required class 'org.springframework.http.converter.json.Jackson2ObjectMapperBuilder' (OnClassCondition)

   JacksonAutoConfiguration.JacksonObjectMapperBuilderConfiguration matched:
      - @ConditionalOnClass found required class 'org.springframework.http.converter.json.Jackson2ObjectMapperBuilder' (OnClassCondition)

   JacksonAutoConfiguration.JacksonObjectMapperBuilderConfiguration#jacksonObjectMapperBuilder matched:
      - @ConditionalOnBean (types: org.springframework.http.converter.json.Jackson2ObjectMapperBuilder; SearchStrategy: all) did not find any beans (OnBeanCondition)

   JacksonAutoConfiguration.JacksonObjectMapperConfiguration matched:
      - @ConditionalOnClass found required class 'org.springframework.http.converter.json.Jackson2ObjectMapperBuilder' (OnClassCondition)

   JacksonAutoConfiguration.JacksonObjectMapperConfiguration#jacksonObjectMapper matched:
      - @ConditionalOnBean (types: com.fasterxml.jackson.databind.ObjectMapper; SearchStrategy: all) did not find any beans (OnBeanCondition)

   JacksonAutoConfiguration.ParameterNamesModuleConfiguration matched:
      - @ConditionalOnClass found required class 'com.fasterxml.jackson.module.paramnames.ParameterNamesModule' (OnClassCondition)

   JacksonAutoConfiguration.ParameterNamesModuleConfiguration#parameterNamesModule matched:
      - @ConditionalOnBean (types: com.fasterxml.jackson.module.paramnames.ParameterNamesModule; SearchStrategy: all) did not find any beans (OnBeanCondition)

   JacksonHttpMessageConvertersConfiguration.MappingJackson2HttpMessageConverterConfiguration matched:
      - @ConditionalOnClass found required class 'com.fasterxml.jackson.databind.ObjectMapper' (OnClassCondition)
      - @ConditionalOnProperty (spring.http.converters.preferred-json-mapper=jackson) matched (OnPropertyCondition)
      - @ConditionalOnBean (types: com.fasterxml.jackson.databind.ObjectMapper; SearchStrategy: all) found bean 'jacksonObjectMapper' (OnBeanCondition)

   JacksonHttpMessageConvertersConfiguration.MappingJackson2HttpMessageConverterConfiguration#mappingJackson2HttpMessageConverter matched:
      - @ConditionalOnBean (types: org.springframework.http.converter.json.MappingJackson2HttpMessageConverter ignored: org.springframework.hateoas.server.mvc.TypeConstrainedMappingJackson2HttpMessageConverter,org.springframework.data.rest.webmvc.alps.AlpsJsonHttpMessageConverter; SearchStrategy: all) did not find any beans (OnBeanCondition)

   MultipartAutoConfiguration matched:
      - @ConditionalOnClass found required classes 'javax.servlet.Servlet', 'org.springframework.web.multipart.support.StandardServletMultipartResolver', 'javax.servlet.MultipartConfigElement' (OnClassCondition)
      - found 'session' scope (OnWebApplicationCondition)
      - @ConditionalOnProperty (spring.servlet.multipart.enabled) matched (OnPropertyCondition)

   MultipartAutoConfiguration#multipartConfigElement matched:
      - @ConditionalOnBean (types: javax.servlet.MultipartConfigElement,org.springframework.web.multipart.commons.CommonsMultipartResolver; SearchStrategy: all) did not find any beans (OnBeanCondition)

   MultipartAutoConfiguration#multipartResolver matched:
      - @ConditionalOnBean (types: org.springframework.web.multipart.MultipartResolver; SearchStrategy: all) did not find any beans (OnBeanCondition)

   NoOpCacheConfiguration matched:
      - Cache org.springframework.boot.autoconfigure.cache.NoOpCacheConfiguration automatic cache type (CacheCondition)

   OAuth2ResourceServerAutoConfiguration matched:
      - found 'session' scope (OnWebApplicationCondition)

   PropertyPlaceholderAutoConfiguration#propertySourcesPlaceholderConfigurer matched:
      - @ConditionalOnBean (types: org.springframework.context.support.PropertySourcesPlaceholderConfigurer; SearchStrategy: current) did not find any beans (OnBeanCondition)

   RestTemplateAutoConfiguration matched:
      - @ConditionalOnClass found required class 'org.springframework.web.client.RestTemplate' (OnClassCondition)
      - NoneNestedConditions 0 matched 1 did not; NestedCondition on RestTemplateAutoConfiguration.NotReactiveWebApplicationCondition.ReactiveWebApplication did not find reactive web application classes (RestTemplateAutoConfiguration.NotReactiveWebApplicationCondition)

   RestTemplateAutoConfiguration#restTemplateBuilder matched:
      - @ConditionalOnBean (types: org.springframework.boot.web.client.RestTemplateBuilder; SearchStrategy: all) did not find any beans (OnBeanCondition)

   ServletWebServerFactoryAutoConfiguration matched:
      - @ConditionalOnClass found required class 'javax.servlet.ServletRequest' (OnClassCondition)
      - found 'session' scope (OnWebApplicationCondition)

   ServletWebServerFactoryAutoConfiguration#tomcatServletWebServerFactoryCustomizer matched:
      - @ConditionalOnClass found required class 'org.apache.catalina.startup.Tomcat' (OnClassCondition)

   ServletWebServerFactoryConfiguration.EmbeddedTomcat matched:
      - @ConditionalOnClass found required classes 'javax.servlet.Servlet', 'org.apache.catalina.startup.Tomcat', 'org.apache.coyote.UpgradeProtocol' (OnClassCondition)
      - @ConditionalOnBean (types: org.springframework.boot.web.servlet.server.ServletWebServerFactory; SearchStrategy: current) did not find any beans (OnBeanCondition)

   SimpleCacheConfiguration matched:
      - Cache org.springframework.boot.autoconfigure.cache.SimpleCacheConfiguration automatic cache type (CacheCondition)

   TaskExecutionAutoConfiguration matched:
      - @ConditionalOnClass found required class 'org.springframework.scheduling.concurrent.ThreadPoolTaskExecutor' (OnClassCondition)

   TaskExecutionAutoConfiguration#applicationTaskExecutor matched:
      - @ConditionalOnBean (types: java.util.concurrent.Executor; SearchStrategy: all) did not find any beans (OnBeanCondition)

   TaskExecutionAutoConfiguration#taskExecutorBuilder matched:
      - @ConditionalOnBean (types: org.springframework.boot.task.TaskExecutorBuilder; SearchStrategy: all) did not find any beans (OnBeanCondition)

   TaskSchedulingAutoConfiguration matched:
      - @ConditionalOnClass found required class 'org.springframework.scheduling.concurrent.ThreadPoolTaskScheduler' (OnClassCondition)

   TaskSchedulingAutoConfiguration#taskSchedulerBuilder matched:
      - @ConditionalOnBean (types: org.springframework.boot.task.TaskSchedulerBuilder; SearchStrategy: all) did not find any beans (OnBeanCondition)

   ValidationAutoConfiguration matched:
      - @ConditionalOnClass found required class 'javax.validation.executable.ExecutableValidator' (OnClassCondition)
      - @ConditionalOnResource found location classpath:META-INF/services/javax.validation.spi.ValidationProvider (OnResourceCondition)

   ValidationAutoConfiguration#defaultValidator matched:
      - @ConditionalOnBean (types: javax.validation.Validator; SearchStrategy: all) did not find any beans (OnBeanCondition)

   ValidationAutoConfiguration#methodValidationPostProcessor matched:
      - @ConditionalOnBean (types: org.springframework.validation.beanvalidation.MethodValidationPostProcessor; SearchStrategy: all) did not find any beans (OnBeanCondition)

   WebMvcAutoConfiguration matched:
      - @ConditionalOnClass found required classes 'javax.servlet.Servlet', 'org.springframework.web.servlet.DispatcherServlet', 'org.springframework.web.servlet.config.annotation.WebMvcConfigurer' (OnClassCondition)
      - found 'session' scope (OnWebApplicationCondition)
      - @ConditionalOnBean (types: org.springframework.web.servlet.config.annotation.WebMvcConfigurationSupport; SearchStrategy: all) did not find any beans (OnBeanCondition)

   WebMvcAutoConfiguration#formContentFilter matched:
      - @ConditionalOnProperty (spring.mvc.formcontent.filter.enabled) matched (OnPropertyCondition)
      - @ConditionalOnBean (types: org.springframework.web.filter.FormContentFilter; SearchStrategy: all) did not find any beans (OnBeanCondition)

   WebMvcAutoConfiguration.WebMvcAutoConfigurationAdapter#defaultViewResolver matched:
      - @ConditionalOnBean (types: org.springframework.web.servlet.view.InternalResourceViewResolver; SearchStrategy: all) did not find any beans (OnBeanCondition)

   WebMvcAutoConfiguration.WebMvcAutoConfigurationAdapter#requestContextFilter matched:
      - @ConditionalOnBean (types: org.springframework.web.context.request.RequestContextListener,org.springframework.web.filter.RequestContextFilter; SearchStrategy: all) did not find any beans (OnBeanCondition)

   WebMvcAutoConfiguration.WebMvcAutoConfigurationAdapter#viewResolver matched:
      - @ConditionalOnBean (types: org.springframework.web.servlet.ViewResolver; SearchStrategy: all) found beans 'defaultViewResolver', 'beanNameViewResolver', 'mvcViewResolver'; @ConditionalOnBean (names: viewResolver types: org.springframework.web.servlet.view.ContentNegotiatingViewResolver; SearchStrategy: all) did not find any beans (OnBeanCondition)

   WebSocketServletAutoConfiguration matched:
      - @ConditionalOnClass found required classes 'javax.servlet.Servlet', 'javax.websocket.server.ServerContainer' (OnClassCondition)
      - found 'session' scope (OnWebApplicationCondition)

   WebSocketServletAutoConfiguration.TomcatWebSocketConfiguration matched:
      - @ConditionalOnClass found required classes 'org.apache.catalina.startup.Tomcat', 'org.apache.tomcat.websocket.server.WsSci' (OnClassCondition)

   WebSocketServletAutoConfiguration.TomcatWebSocketConfiguration#websocketServletWebServerCustomizer matched:
      - @ConditionalOnBean (names: websocketServletWebServerCustomizer; SearchStrategy: all) did not find any beans (OnBeanCondition)


Negative matches:
-----------------

   ActiveMQAutoConfiguration:
      Did not match:
         - @ConditionalOnClass did not find required class 'javax.jms.ConnectionFactory' (OnClassCondition)

   AopAutoConfiguration.AspectJAutoProxyingConfiguration:
      Did not match:
         - @ConditionalOnClass did not find required class 'org.aspectj.weaver.Advice' (OnClassCondition)

   ArtemisAutoConfiguration:
      Did not match:
         - @ConditionalOnClass did not find required class 'javax.jms.ConnectionFactory' (OnClassCondition)

   BatchAutoConfiguration:
      Did not match:
         - @ConditionalOnClass did not find required class 'org.springframework.batch.core.launch.JobLauncher' (OnClassCondition)

   CacheAutoConfiguration:
      Did not match:
         - @ConditionalOnBean (types: org.springframework.cache.interceptor.CacheAspectSupport; SearchStrategy: all) did not find any beans of type org.springframework.cache.interceptor.CacheAspectSupport (OnBeanCondition)
      Matched:
         - @ConditionalOnClass found required class 'org.springframework.cache.CacheManager' (OnClassCondition)

   CacheAutoConfiguration.CacheManagerEntityManagerFactoryDependsOnPostProcessor:
      Did not match:
         - @ConditionalOnClass did not find required class 'org.springframework.orm.jpa.LocalContainerEntityManagerFactoryBean' (OnClassCondition)
         - Ancestor org.springframework.boot.autoconfigure.cache.CacheAutoConfiguration did not match (ConditionEvaluationReport.AncestorsMatchedCondition)

   CaffeineCacheConfiguration:
      Did not match:
         - @ConditionalOnClass did not find required classes 'com.github.benmanes.caffeine.cache.Caffeine', 'org.springframework.cache.caffeine.CaffeineCacheManager' (OnClassCondition)

   CassandraAutoConfiguration:
      Did not match:
         - @ConditionalOnClass did not find required class 'com.datastax.driver.core.Cluster' (OnClassCondition)

   CassandraDataAutoConfiguration:
      Did not match:
         - @ConditionalOnClass did not find required class 'com.datastax.driver.core.Cluster' (OnClassCondition)

   CassandraReactiveDataAutoConfiguration:
      Did not match:
         - @ConditionalOnClass did not find required class 'com.datastax.driver.core.Cluster' (OnClassCondition)

   CassandraReactiveRepositoriesAutoConfiguration:
      Did not match:
         - @ConditionalOnClass did not find required class 'org.springframework.data.cassandra.ReactiveSession' (OnClassCondition)

   CassandraRepositoriesAutoConfiguration:
      Did not match:
         - @ConditionalOnClass did not find required class 'com.datastax.driver.core.Session' (OnClassCondition)

   ClientHttpConnectorAutoConfiguration:
      Did not match:
         - @ConditionalOnClass did not find required class 'org.springframework.web.reactive.function.client.WebClient' (OnClassCondition)

   CloudServiceConnectorsAutoConfiguration:
      Did not match:
         - @ConditionalOnClass did not find required class 'org.springframework.cloud.config.java.CloudScanConfiguration' (OnClassCondition)

   CodecsAutoConfiguration:
      Did not match:
         - @ConditionalOnClass did not find required class 'org.springframework.web.reactive.function.client.WebClient' (OnClassCondition)

   CouchbaseAutoConfiguration:
      Did not match:
         - @ConditionalOnClass did not find required class 'com.couchbase.client.java.Cluster' (OnClassCondition)

   CouchbaseCacheConfiguration:
      Did not match:
         - @ConditionalOnClass did not find required classes 'com.couchbase.client.java.Bucket', 'com.couchbase.client.spring.cache.CouchbaseCacheManager' (OnClassCondition)

   CouchbaseDataAutoConfiguration:
      Did not match:
         - @ConditionalOnClass did not find required class 'com.couchbase.client.java.Bucket' (OnClassCondition)

   CouchbaseReactiveDataAutoConfiguration:
      Did not match:
         - @ConditionalOnClass did not find required class 'com.couchbase.client.java.Bucket' (OnClassCondition)

   CouchbaseReactiveRepositoriesAutoConfiguration:
      Did not match:
         - @ConditionalOnClass did not find required class 'com.couchbase.client.java.Bucket' (OnClassCondition)

   CouchbaseRepositoriesAutoConfiguration:
      Did not match:
         - @ConditionalOnClass did not find required class 'com.couchbase.client.java.Bucket' (OnClassCondition)

   DataSourceAutoConfiguration:
      Did not match:
         - @ConditionalOnClass did not find required class 'org.springframework.jdbc.datasource.embedded.EmbeddedDatabaseType' (OnClassCondition)

   DataSourceTransactionManagerAutoConfiguration:
      Did not match:
         - @ConditionalOnClass did not find required class 'org.springframework.jdbc.core.JdbcTemplate' (OnClassCondition)

   DispatcherServletAutoConfiguration.DispatcherServletConfiguration#multipartResolver:
      Did not match:
         - @ConditionalOnBean (types: org.springframework.web.multipart.MultipartResolver; SearchStrategy: all) did not find any beans of type org.springframework.web.multipart.MultipartResolver (OnBeanCondition)

   EhCacheCacheConfiguration:
      Did not match:
         - @ConditionalOnClass did not find required classes 'net.sf.ehcache.Cache', 'org.springframework.cache.ehcache.EhCacheCacheManager' (OnClassCondition)

   ElasticsearchAutoConfiguration:
      Did not match:
         - @ConditionalOnClass did not find required class 'org.elasticsearch.client.Client' (OnClassCondition)

   ElasticsearchDataAutoConfiguration:
      Did not match:
         - @ConditionalOnClass did not find required class 'org.springframework.data.elasticsearch.core.ElasticsearchTemplate' (OnClassCondition)

   ElasticsearchRepositoriesAutoConfiguration:
      Did not match:
         - @ConditionalOnClass did not find required class 'org.elasticsearch.client.Client' (OnClassCondition)

   EmbeddedLdapAutoConfiguration:
      Did not match:
         - @ConditionalOnClass did not find required class 'com.unboundid.ldap.listener.InMemoryDirectoryServer' (OnClassCondition)

   EmbeddedMongoAutoConfiguration:
      Did not match:
         - @ConditionalOnClass did not find required class 'com.mongodb.MongoClient' (OnClassCondition)

   EmbeddedWebServerFactoryCustomizerAutoConfiguration.JettyWebServerFactoryCustomizerConfiguration:
      Did not match:
         - @ConditionalOnClass did not find required classes 'org.eclipse.jetty.server.Server', 'org.eclipse.jetty.util.Loader', 'org.eclipse.jetty.webapp.WebAppContext' (OnClassCondition)

   EmbeddedWebServerFactoryCustomizerAutoConfiguration.NettyWebServerFactoryCustomizerConfiguration:
      Did not match:
         - @ConditionalOnClass did not find required class 'reactor.netty.http.server.HttpServer' (OnClassCondition)

   EmbeddedWebServerFactoryCustomizerAutoConfiguration.UndertowWebServerFactoryCustomizerConfiguration:
      Did not match:
         - @ConditionalOnClass did not find required classes 'io.undertow.Undertow', 'org.xnio.SslClientAuthMode' (OnClassCondition)

   ErrorWebFluxAutoConfiguration:
      Did not match:
         - @ConditionalOnClass did not find required class 'org.springframework.web.reactive.config.WebFluxConfigurer' (OnClassCondition)

   FlywayAutoConfiguration:
      Did not match:
         - @ConditionalOnClass did not find required class 'org.flywaydb.core.Flyway' (OnClassCondition)

   FreeMarkerAutoConfiguration:
      Did not match:
         - @ConditionalOnClass did not find required class 'freemarker.template.Configuration' (OnClassCondition)

   GroovyTemplateAutoConfiguration:
      Did not match:
         - @ConditionalOnClass did not find required class 'groovy.text.markup.MarkupTemplateEngine' (OnClassCondition)

   GsonAutoConfiguration:
      Did not match:
         - @ConditionalOnClass did not find required class 'com.google.gson.Gson' (OnClassCondition)

   GsonHttpMessageConvertersConfiguration:
      Did not match:
         - @ConditionalOnClass did not find required class 'com.google.gson.Gson' (OnClassCondition)

   H2ConsoleAutoConfiguration:
      Did not match:
         - @ConditionalOnClass did not find required class 'org.h2.server.web.WebServlet' (OnClassCondition)

   HazelcastAutoConfiguration:
      Did not match:
         - @ConditionalOnClass did not find required class 'com.hazelcast.core.HazelcastInstance' (OnClassCondition)

   HazelcastCacheConfiguration:
      Did not match:
         - @ConditionalOnClass did not find required classes 'com.hazelcast.core.HazelcastInstance', 'com.hazelcast.spring.cache.HazelcastCacheManager' (OnClassCondition)

   HazelcastJpaDependencyAutoConfiguration:
      Did not match:
         - @ConditionalOnClass did not find required class 'com.hazelcast.core.HazelcastInstance' (OnClassCondition)

   HibernateJpaAutoConfiguration:
      Did not match:
         - @ConditionalOnClass did not find required class 'javax.persistence.EntityManager' (OnClassCondition)

   HttpHandlerAutoConfiguration:
      Did not match:
         - @ConditionalOnClass did not find required class 'org.springframework.web.reactive.DispatcherHandler' (OnClassCondition)

   HypermediaAutoConfiguration:
      Did not match:
         - @ConditionalOnClass did not find required class 'org.springframework.hateoas.EntityModel' (OnClassCondition)

   InfinispanCacheConfiguration:
      Did not match:
         - @ConditionalOnClass did not find required class 'org.infinispan.spring.embedded.provider.SpringEmbeddedCacheManager' (OnClassCondition)

   InfluxDbAutoConfiguration:
      Did not match:
         - @ConditionalOnClass did not find required class 'org.influxdb.InfluxDB' (OnClassCondition)

   IntegrationAutoConfiguration:
      Did not match:
         - @ConditionalOnClass did not find required class 'org.springframework.integration.config.EnableIntegration' (OnClassCondition)

   JCacheCacheConfiguration:
      Did not match:
         - @ConditionalOnClass did not find required classes 'javax.cache.Caching', 'org.springframework.cache.jcache.JCacheCacheManager' (OnClassCondition)

   JacksonAutoConfiguration.JodaDateTimeJacksonConfiguration:
      Did not match:
         - @ConditionalOnClass did not find required classes 'org.joda.time.DateTime', 'com.fasterxml.jackson.datatype.joda.ser.DateTimeSerializer', 'com.fasterxml.jackson.datatype.joda.cfg.JacksonJodaDateFormat' (OnClassCondition)

   JacksonHttpMessageConvertersConfiguration.MappingJackson2XmlHttpMessageConverterConfiguration:
      Did not match:
         - @ConditionalOnClass did not find required class 'com.fasterxml.jackson.dataformat.xml.XmlMapper' (OnClassCondition)

   JdbcRepositoriesAutoConfiguration:
      Did not match:
         - @ConditionalOnClass did not find required class 'org.springframework.data.jdbc.repository.config.AbstractJdbcConfiguration' (OnClassCondition)

   JdbcTemplateAutoConfiguration:
      Did not match:
         - @ConditionalOnClass did not find required class 'org.springframework.jdbc.core.JdbcTemplate' (OnClassCondition)

   JerseyAutoConfiguration:
      Did not match:
         - @ConditionalOnClass did not find required class 'org.glassfish.jersey.server.spring.SpringComponentProvider' (OnClassCondition)

   JestAutoConfiguration:
      Did not match:
         - @ConditionalOnClass did not find required class 'io.searchbox.client.JestClient' (OnClassCondition)

   JmsAutoConfiguration:
      Did not match:
         - @ConditionalOnClass did not find required class 'javax.jms.Message' (OnClassCondition)

   JmxAutoConfiguration:
      Did not match:
         - @ConditionalOnProperty (spring.jmx.enabled=true) did not find property 'enabled' (OnPropertyCondition)
      Matched:
         - @ConditionalOnClass found required class 'org.springframework.jmx.export.MBeanExporter' (OnClassCondition)

   JndiConnectionFactoryAutoConfiguration:
      Did not match:
         - @ConditionalOnClass did not find required class 'org.springframework.jms.core.JmsTemplate' (OnClassCondition)

   JndiDataSourceAutoConfiguration:
      Did not match:
         - @ConditionalOnClass did not find required class 'org.springframework.jdbc.datasource.embedded.EmbeddedDatabaseType' (OnClassCondition)

   JooqAutoConfiguration:
      Did not match:
         - @ConditionalOnClass did not find required class 'org.jooq.DSLContext' (OnClassCondition)

   JpaRepositoriesAutoConfiguration:
      Did not match:
         - @ConditionalOnClass did not find required class 'org.springframework.data.jpa.repository.JpaRepository' (OnClassCondition)

   JsonbAutoConfiguration:
      Did not match:
         - @ConditionalOnClass did not find required class 'javax.json.bind.Jsonb' (OnClassCondition)

   JsonbHttpMessageConvertersConfiguration:
      Did not match:
         - @ConditionalOnClass did not find required class 'javax.json.bind.Jsonb' (OnClassCondition)

   JtaAutoConfiguration:
      Did not match:
         - @ConditionalOnClass did not find required class 'javax.transaction.Transaction' (OnClassCondition)

   KafkaAutoConfiguration:
      Did not match:
         - @ConditionalOnClass did not find required class 'org.springframework.kafka.core.KafkaTemplate' (OnClassCondition)

   LdapAutoConfiguration:
      Did not match:
         - @ConditionalOnClass did not find required class 'org.springframework.ldap.core.ContextSource' (OnClassCondition)

   LdapRepositoriesAutoConfiguration:
      Did not match:
         - @ConditionalOnClass did not find required class 'org.springframework.data.ldap.repository.LdapRepository' (OnClassCondition)

   LiquibaseAutoConfiguration:
      Did not match:
         - @ConditionalOnClass did not find required class 'liquibase.change.DatabaseChange' (OnClassCondition)

   MailSenderAutoConfiguration:
      Did not match:
         - @ConditionalOnClass did not find required class 'javax.activation.MimeType' (OnClassCondition)

   MailSenderValidatorAutoConfiguration:
      Did not match:
         - @ConditionalOnSingleCandidate did not find required type 'org.springframework.mail.javamail.JavaMailSenderImpl' (OnBeanCondition)

   MessageSourceAutoConfiguration:
      Did not match:
         - ResourceBundle did not find bundle with basename messages (MessageSourceAutoConfiguration.ResourceBundleCondition)

   MongoAutoConfiguration:
      Did not match:
         - @ConditionalOnClass did not find required class 'com.mongodb.MongoClient' (OnClassCondition)

   MongoDataAutoConfiguration:
      Did not match:
         - @ConditionalOnClass did not find required class 'com.mongodb.client.MongoClient' (OnClassCondition)

   MongoReactiveAutoConfiguration:
      Did not match:
         - @ConditionalOnClass did not find required class 'com.mongodb.reactivestreams.client.MongoClient' (OnClassCondition)

   MongoReactiveDataAutoConfiguration:
      Did not match:
         - @ConditionalOnClass did not find required class 'com.mongodb.reactivestreams.client.MongoClient' (OnClassCondition)

   MongoReactiveRepositoriesAutoConfiguration:
      Did not match:
         - @ConditionalOnClass did not find required class 'com.mongodb.reactivestreams.client.MongoClient' (OnClassCondition)

   MongoRepositoriesAutoConfiguration:
      Did not match:
         - @ConditionalOnClass did not find required class 'com.mongodb.MongoClient' (OnClassCondition)

   MustacheAutoConfiguration:
      Did not match:
         - @ConditionalOnClass did not find required class 'com.samskivert.mustache.Mustache' (OnClassCondition)

   Neo4jDataAutoConfiguration:
      Did not match:
         - @ConditionalOnClass did not find required class 'org.neo4j.ogm.session.SessionFactory' (OnClassCondition)

   Neo4jRepositoriesAutoConfiguration:
      Did not match:
         - @ConditionalOnClass did not find required class 'org.neo4j.ogm.session.Neo4jSession' (OnClassCondition)

   OAuth2ClientAutoConfiguration:
      Did not match:
         - @ConditionalOnClass did not find required class 'org.springframework.security.config.annotation.web.configuration.EnableWebSecurity' (OnClassCondition)

   OAuth2ResourceServerAutoConfiguration.JwtConfiguration:
      Did not match:
         - @ConditionalOnClass did not find required classes 'org.springframework.security.oauth2.server.resource.authentication.JwtAuthenticationToken', 'org.springframework.security.oauth2.jwt.JwtDecoder' (OnClassCondition)

   OAuth2ResourceServerAutoConfiguration.OpaqueTokenConfiguration:
      Did not match:
         - @ConditionalOnClass did not find required classes 'org.springframework.security.oauth2.server.resource.BearerTokenAuthenticationToken', 'org.springframework.security.oauth2.server.resource.introspection.OpaqueTokenIntrospector' (OnClassCondition)

   PersistenceExceptionTranslationAutoConfiguration:
      Did not match:
         - @ConditionalOnClass did not find required class 'org.springframework.dao.annotation.PersistenceExceptionTranslationPostProcessor' (OnClassCondition)

   ProjectInfoAutoConfiguration#buildProperties:
      Did not match:
         - @ConditionalOnResource did not find resource '${spring.info.build.location:classpath:META-INF/build-info.properties}' (OnResourceCondition)

   ProjectInfoAutoConfiguration#gitProperties:
      Did not match:
         - GitResource did not find git info at classpath:git.properties (ProjectInfoAutoConfiguration.GitResourceAvailableCondition)

   QuartzAutoConfiguration:
      Did not match:
         - @ConditionalOnClass did not find required class 'org.quartz.Scheduler' (OnClassCondition)

   RSocketMessagingAutoConfiguration:
      Did not match:
         - @ConditionalOnClass did not find required class 'io.rsocket.RSocketFactory' (OnClassCondition)

   RSocketRequesterAutoConfiguration:
      Did not match:
         - @ConditionalOnClass did not find required class 'io.rsocket.RSocketFactory' (OnClassCondition)

   RSocketSecurityAutoConfiguration:
      Did not match:
         - @ConditionalOnClass did not find required class 'org.springframework.security.rsocket.core.SecuritySocketAcceptorInterceptor' (OnClassCondition)

   RSocketServerAutoConfiguration:
      Did not match:
         - @ConditionalOnClass did not find required class 'io.rsocket.RSocketFactory' (OnClassCondition)

   RSocketStrategiesAutoConfiguration:
      Did not match:
         - @ConditionalOnClass did not find required class 'io.netty.buffer.PooledByteBufAllocator' (OnClassCondition)

   RabbitAutoConfiguration:
      Did not match:
         - @ConditionalOnClass did not find required class 'com.rabbitmq.client.Channel' (OnClassCondition)

   ReactiveElasticsearchRepositoriesAutoConfiguration:
      Did not match:
         - @ConditionalOnClass did not find required class 'org.springframework.data.elasticsearch.client.reactive.ReactiveElasticsearchClient' (OnClassCondition)

   ReactiveOAuth2ClientAutoConfiguration:
      Did not match:
         - @ConditionalOnClass did not find required class 'reactor.core.publisher.Flux' (OnClassCondition)

   ReactiveOAuth2ResourceServerAutoConfiguration:
      Did not match:
         - @ConditionalOnClass did not find required class 'org.springframework.security.config.annotation.web.reactive.EnableWebFluxSecurity' (OnClassCondition)

   ReactiveRestClientAutoConfiguration:
      Did not match:
         - @ConditionalOnClass did not find required class 'reactor.netty.http.client.HttpClient' (OnClassCondition)

   ReactiveSecurityAutoConfiguration:
      Did not match:
         - @ConditionalOnClass did not find required class 'reactor.core.publisher.Flux' (OnClassCondition)

   ReactiveUserDetailsServiceAutoConfiguration:
      Did not match:
         - @ConditionalOnClass did not find required class 'org.springframework.security.authentication.ReactiveAuthenticationManager' (OnClassCondition)

   ReactiveWebServerFactoryAutoConfiguration:
      Did not match:
         - @ConditionalOnWebApplication did not find reactive web application classes (OnWebApplicationCondition)

   RedisAutoConfiguration:
      Did not match:
         - @ConditionalOnClass did not find required class 'org.springframework.data.redis.core.RedisOperations' (OnClassCondition)

   RedisCacheConfiguration:
      Did not match:
         - @ConditionalOnClass did not find required class 'org.springframework.data.redis.connection.RedisConnectionFactory' (OnClassCondition)

   RedisReactiveAutoConfiguration:
      Did not match:
         - @ConditionalOnClass did not find required class 'reactor.core.publisher.Flux' (OnClassCondition)

   RedisRepositoriesAutoConfiguration:
      Did not match:
         - @ConditionalOnClass did not find required class 'org.springframework.data.redis.repository.configuration.EnableRedisRepositories' (OnClassCondition)

   RepositoryRestMvcAutoConfiguration:
      Did not match:
         - @ConditionalOnClass did not find required class 'org.springframework.data.rest.webmvc.config.RepositoryRestMvcConfiguration' (OnClassCondition)

   RestClientAutoConfiguration:
      Did not match:
         - @ConditionalOnClass did not find required class 'org.elasticsearch.client.RestClient' (OnClassCondition)

   Saml2RelyingPartyAutoConfiguration:
      Did not match:
         - @ConditionalOnClass did not find required class 'org.springframework.security.saml2.provider.service.registration.RelyingPartyRegistrationRepository' (OnClassCondition)

   SecurityAutoConfiguration:
      Did not match:
         - @ConditionalOnClass did not find required class 'org.springframework.security.authentication.DefaultAuthenticationEventPublisher' (OnClassCondition)

   SecurityFilterAutoConfiguration:
      Did not match:
         - @ConditionalOnClass did not find required class 'org.springframework.security.config.http.SessionCreationPolicy' (OnClassCondition)

   SendGridAutoConfiguration:
      Did not match:
         - @ConditionalOnClass did not find required class 'com.sendgrid.SendGrid' (OnClassCondition)

   ServletWebServerFactoryAutoConfiguration#forwardedHeaderFilter:
      Did not match:
         - @ConditionalOnProperty (server.forward-headers-strategy=framework) did not find property 'server.forward-headers-strategy' (OnPropertyCondition)

   ServletWebServerFactoryConfiguration.EmbeddedJetty:
      Did not match:
         - @ConditionalOnClass did not find required classes 'org.eclipse.jetty.server.Server', 'org.eclipse.jetty.util.Loader', 'org.eclipse.jetty.webapp.WebAppContext' (OnClassCondition)

   ServletWebServerFactoryConfiguration.EmbeddedUndertow:
      Did not match:
         - @ConditionalOnClass did not find required classes 'io.undertow.Undertow', 'org.xnio.SslClientAuthMode' (OnClassCondition)

   SessionAutoConfiguration:
      Did not match:
         - @ConditionalOnClass did not find required class 'org.springframework.session.Session' (OnClassCondition)

   SolrAutoConfiguration:
      Did not match:
         - @ConditionalOnClass did not find required class 'org.apache.solr.client.solrj.impl.CloudSolrClient' (OnClassCondition)

   SolrRepositoriesAutoConfiguration:
      Did not match:
         - @ConditionalOnClass did not find required class 'org.apache.solr.client.solrj.SolrClient' (OnClassCondition)

   SpringApplicationAdminJmxAutoConfiguration:
      Did not match:
         - @ConditionalOnProperty (spring.application.admin.enabled=true) did not find property 'enabled' (OnPropertyCondition)

   SpringDataWebAutoConfiguration:
      Did not match:
         - @ConditionalOnClass did not find required class 'org.springframework.data.web.PageableHandlerMethodArgumentResolver' (OnClassCondition)

   TaskSchedulingAutoConfiguration#taskScheduler:
      Did not match:
         - @ConditionalOnBean (names: org.springframework.context.annotation.internalScheduledAnnotationProcessor; SearchStrategy: all) did not find any beans named org.springframework.context.annotation.internalScheduledAnnotationProcessor (OnBeanCondition)

   ThymeleafAutoConfiguration:
      Did not match:
         - @ConditionalOnClass did not find required class 'org.thymeleaf.spring5.SpringTemplateEngine' (OnClassCondition)

   TransactionAutoConfiguration:
      Did not match:
         - @ConditionalOnClass did not find required class 'org.springframework.transaction.PlatformTransactionManager' (OnClassCondition)

   UserDetailsServiceAutoConfiguration:
      Did not match:
         - @ConditionalOnClass did not find required class 'org.springframework.security.authentication.AuthenticationManager' (OnClassCondition)

   WebClientAutoConfiguration:
      Did not match:
         - @ConditionalOnClass did not find required class 'org.springframework.web.reactive.function.client.WebClient' (OnClassCondition)

   WebFluxAutoConfiguration:
      Did not match:
         - @ConditionalOnClass did not find required class 'org.springframework.web.reactive.config.WebFluxConfigurer' (OnClassCondition)

   WebMvcAutoConfiguration#hiddenHttpMethodFilter:
      Did not match:
         - @ConditionalOnProperty (spring.mvc.hiddenmethod.filter.enabled) did not find property 'enabled' (OnPropertyCondition)

   WebMvcAutoConfiguration.ResourceChainCustomizerConfiguration:
      Did not match:
         - @ConditionalOnEnabledResourceChain did not find class org.webjars.WebJarAssetLocator (OnEnabledResourceChainCondition)

   WebMvcAutoConfiguration.WebMvcAutoConfigurationAdapter#beanNameViewResolver:
      Did not match:
         - @ConditionalOnBean (types: org.springframework.web.servlet.view.BeanNameViewResolver; SearchStrategy: all) found beans of type 'org.springframework.web.servlet.view.BeanNameViewResolver' beanNameViewResolver (OnBeanCondition)

   WebMvcAutoConfiguration.WebMvcAutoConfigurationAdapter#localeResolver:
      Did not match:
         - @ConditionalOnProperty (spring.mvc.locale) did not find property 'locale' (OnPropertyCondition)

   WebServiceTemplateAutoConfiguration:
      Did not match:
         - @ConditionalOnClass did not find required class 'org.springframework.oxm.Marshaller' (OnClassCondition)

   WebServicesAutoConfiguration:
      Did not match:
         - @ConditionalOnClass did not find required class 'org.springframework.ws.transport.http.MessageDispatcherServlet' (OnClassCondition)

   WebSocketMessagingAutoConfiguration:
      Did not match:
         - @ConditionalOnClass did not find required class 'org.springframework.web.socket.config.annotation.WebSocketMessageBrokerConfigurer' (OnClassCondition)

   WebSocketReactiveAutoConfiguration:
      Did not match:
         - @ConditionalOnWebApplication did not find reactive web application classes (OnWebApplicationCondition)

   WebSocketServletAutoConfiguration.JettyWebSocketConfiguration:
      Did not match:
         - @ConditionalOnClass did not find required class 'org.eclipse.jetty.websocket.jsr356.server.deploy.WebSocketServerContainerInitializer' (OnClassCondition)

   WebSocketServletAutoConfiguration.UndertowWebSocketConfiguration:
      Did not match:
         - @ConditionalOnClass did not find required class 'io.undertow.websockets.jsr.Bootstrap' (OnClassCondition)

   XADataSourceAutoConfiguration:
      Did not match:
         - @ConditionalOnClass did not find required class 'javax.transaction.TransactionManager' (OnClassCondition)


Exclusions:
-----------

    None


Unconditional classes:
----------------------

    org.springframework.boot.autoconfigure.context.ConfigurationPropertiesAutoConfiguration

    org.springframework.boot.autoconfigure.context.PropertyPlaceholderAutoConfiguration

    org.springframework.boot.autoconfigure.info.ProjectInfoAutoConfiguration



2020-06-10 14:46:00,948 INFO o.a.j.l.DirectJDKLog [main] Starting ProtocolHandler ["http-nio-8080"]
2020-06-10 14:46:00,990 INFO o.s.b.w.e.t.TomcatWebServer [main] Tomcat started on port(s): 8080 (http) with context path ''
2020-06-10 14:46:00,994 INFO o.s.b.StartupInfoLogger [main] Started Main in 3.584 seconds (JVM running for 4.501)
2020-06-10 14:46:09,181 INFO o.a.j.l.DirectJDKLog [http-nio-8080-exec-1] Initializing Spring DispatcherServlet 'dispatcherServlet'
2020-06-10 14:46:09,182 INFO o.s.w.s.FrameworkServlet [http-nio-8080-exec-1] Initializing Servlet 'dispatcherServlet'
2020-06-10 14:46:09,183 DEBUG o.s.w.s.DispatcherServlet [http-nio-8080-exec-1] Detected StandardServletMultipartResolver
2020-06-10 14:46:09,194 DEBUG o.s.w.s.FrameworkServlet [http-nio-8080-exec-1] enableLoggingRequestDetails='false': request parameters and headers will be masked to prevent unsafe logging of potentially sensitive data
2020-06-10 14:46:09,194 INFO o.s.w.s.FrameworkServlet [http-nio-8080-exec-1] Completed initialization in 12 ms
2020-06-10 14:46:09,207 DEBUG o.s.c.l.LogFormatUtils [http-nio-8080-exec-1] GET "/marks/all", parameters={}
2020-06-10 14:46:09,212 DEBUG o.s.w.s.h.AbstractHandlerMapping [http-nio-8080-exec-1] Mapped to httpControllers.MarkController#marks()
2020-06-10 14:46:09,227 INFO h.MarkController [http-nio-8080-exec-1] GET "/marks/all", parameters={}
2020-06-10 14:46:09,670 DEBUG o.s.w.s.m.m.a.AbstractMessageConverterMethodProcessor [http-nio-8080-exec-1] Using 'application/json', given [*/*] and supported [application/json, application/*+json, application/json, application/*+json]
2020-06-10 14:46:09,671 DEBUG o.s.c.l.LogFormatUtils [http-nio-8080-exec-1] Writing [[dataObjects.Mark@19a3e2e5, dataObjects.Mark@7ed7df36, dataObjects.Mark@7043e24d, dataObjects.Mark@5 (truncated)...]
2020-06-10 14:46:09,739 DEBUG o.s.w.s.FrameworkServlet [http-nio-8080-exec-1] Completed 200 OK
2020-06-10 14:46:30,672 DEBUG o.s.c.s.AbstractApplicationContext [SpringContextShutdownHook] Closing org.springframework.boot.web.servlet.context.AnnotationConfigServletWebServerApplicationContext@6ee6f53, started on Wed Jun 10 14:45:58 EDT 2020
2020-06-10 14:46:30,676 INFO o.s.s.c.ExecutorConfigurationSupport [SpringContextShutdownHook] Shutting down ExecutorService 'applicationTaskExecutor'
