2020-07-07 09:32:30,957 INFO o.s.b.StartupInfoLogger [main] Starting Main on VinceLaptop with PID 39459 (/home/vince/workspace/summer/JavaServer/bin/main started by vince in /home/vince/workspace/summer/JavaServer)
2020-07-07 09:32:30,966 INFO o.s.b.SpringApplication [main] No active profile set, falling back to default profiles: default
2020-07-07 09:32:31,030 INFO o.s.c.s.AbstractApplicationContext [main] Refreshing org.springframework.boot.web.servlet.context.AnnotationConfigServletWebServerApplicationContext@6cce16f4: startup date [Tue Jul 07 09:32:31 EDT 2020]; root of context hierarchy
2020-07-07 09:32:32,334 INFO o.s.b.w.e.t.TomcatWebServer [main] Tomcat initialized with port(s): 8080 (http)
2020-07-07 09:32:32,373 INFO o.a.j.l.DirectJDKLog [main] Initializing ProtocolHandler ["http-nio-8080"]
2020-07-07 09:32:32,389 INFO o.a.j.l.DirectJDKLog [main] Starting service [Tomcat]
2020-07-07 09:32:32,390 INFO o.a.j.l.DirectJDKLog [main] Starting Servlet Engine: Apache Tomcat/8.5.31
2020-07-07 09:32:32,407 INFO o.a.j.l.DirectJDKLog [localhost-startStop-1] The APR based Apache Tomcat Native library which allows optimal performance in production environments was not found on the java.library.path: [/usr/java/packages/lib:/usr/lib/x86_64-linux-gnu/jni:/lib/x86_64-linux-gnu:/usr/lib/x86_64-linux-gnu:/usr/lib/jni:/lib:/usr/lib]
2020-07-07 09:32:32,550 INFO o.a.j.l.DirectJDKLog [localhost-startStop-1] Initializing Spring embedded WebApplicationContext
2020-07-07 09:32:32,551 INFO o.s.b.w.s.c.ServletWebServerApplicationContext [localhost-startStop-1] Root WebApplicationContext: initialization completed in 1529 ms
2020-07-07 09:32:32,726 INFO o.s.b.w.s.ServletRegistrationBean [localhost-startStop-1] Servlet dispatcherServlet mapped to [/]
2020-07-07 09:32:32,733 INFO o.s.b.w.s.AbstractFilterRegistrationBean [localhost-startStop-1] Mapping filter: 'characterEncodingFilter' to: [/*]
2020-07-07 09:32:32,735 INFO o.s.b.w.s.AbstractFilterRegistrationBean [localhost-startStop-1] Mapping filter: 'hiddenHttpMethodFilter' to: [/*]
2020-07-07 09:32:32,736 INFO o.s.b.w.s.AbstractFilterRegistrationBean [localhost-startStop-1] Mapping filter: 'httpPutFormContentFilter' to: [/*]
2020-07-07 09:32:32,736 INFO o.s.b.w.s.AbstractFilterRegistrationBean [localhost-startStop-1] Mapping filter: 'requestContextFilter' to: [/*]
2020-07-07 09:32:32,980 INFO o.s.w.s.h.AbstractUrlHandlerMapping [main] Mapped URL path [/**/favicon.ico] onto handler of type [class org.springframework.web.servlet.resource.ResourceHttpRequestHandler]
2020-07-07 09:32:33,420 INFO o.s.w.s.m.m.a.RequestMappingHandlerAdapter [main] Looking for @ControllerAdvice: org.springframework.boot.web.servlet.context.AnnotationConfigServletWebServerApplicationContext@6cce16f4: startup date [Tue Jul 07 09:32:31 EDT 2020]; root of context hierarchy
2020-07-07 09:32:33,533 INFO o.s.w.s.h.AbstractHandlerMethodMapping$MappingRegistry [main] Mapped "{[/categories],methods=[GET]}" onto public org.springframework.http.ResponseEntity<?> httpControllers.CategoryController.getCategories()
2020-07-07 09:32:33,538 INFO o.s.w.s.h.AbstractHandlerMethodMapping$MappingRegistry [main] Mapped "{[/courses],methods=[GET]}" onto public org.springframework.http.ResponseEntity<?> httpControllers.CourseController.getCourses()
2020-07-07 09:32:33,539 INFO o.s.w.s.h.AbstractHandlerMethodMapping$MappingRegistry [main] Mapped "{[/courses/{id}/marks],methods=[GET]}" onto public org.springframework.http.ResponseEntity<?> httpControllers.CourseController.getCourseMarks(int)
2020-07-07 09:32:33,540 INFO o.s.w.s.h.AbstractHandlerMethodMapping$MappingRegistry [main] Mapped "{[/courses/{id}/grade],methods=[GET]}" onto public org.springframework.http.ResponseEntity<?> httpControllers.CourseController.getCourseGrade(int)
2020-07-07 09:32:33,542 INFO o.s.w.s.h.AbstractHandlerMethodMapping$MappingRegistry [main] Mapped "{[/global-grade],methods=[GET]}" onto public org.springframework.http.ResponseEntity<?> httpControllers.GlobalGradeController.globalGrade()
2020-07-07 09:32:33,543 INFO o.s.w.s.h.AbstractHandlerMethodMapping$MappingRegistry [main] Mapped "{[/grades],methods=[GET]}" onto public org.springframework.http.ResponseEntity<?> httpControllers.GradeController.getGrades()
2020-07-07 09:32:33,554 INFO o.s.w.s.h.AbstractHandlerMethodMapping$MappingRegistry [main] Mapped "{[/marks/{id}],methods=[GET]}" onto public org.springframework.http.ResponseEntity<?> httpControllers.MarkController.getMark(int)
2020-07-07 09:32:33,555 INFO o.s.w.s.h.AbstractHandlerMethodMapping$MappingRegistry [main] Mapped "{[/marks],methods=[POST]}" onto public org.springframework.http.ResponseEntity<?> httpControllers.MarkController.addMark(dataObjects.MarkDataPrimitive)
2020-07-07 09:32:33,557 INFO o.s.w.s.h.AbstractHandlerMethodMapping$MappingRegistry [main] Mapped "{[/marks],methods=[PUT]}" onto public org.springframework.http.ResponseEntity<?> httpControllers.MarkController.updateMark(dataObjects.MarkDataPrimitive[])
2020-07-07 09:32:33,558 INFO o.s.w.s.h.AbstractHandlerMethodMapping$MappingRegistry [main] Mapped "{[/marks/{id}],methods=[PUT]}" onto public org.springframework.http.ResponseEntity<?> httpControllers.MarkController.updateMark(int,dataObjects.MarkDataPrimitive)
2020-07-07 09:32:33,559 INFO o.s.w.s.h.AbstractHandlerMethodMapping$MappingRegistry [main] Mapped "{[/marks],methods=[GET]}" onto public org.springframework.http.ResponseEntity<?> httpControllers.MarkController.getMarks(int,int)
2020-07-07 09:32:33,560 INFO o.s.w.s.h.AbstractHandlerMethodMapping$MappingRegistry [main] Mapped "{[/marks/{id}],methods=[DELETE]}" onto public org.springframework.http.ResponseEntity<?> httpControllers.MarkController.deleteMark(int)
2020-07-07 09:32:33,561 INFO o.s.w.s.h.AbstractHandlerMethodMapping$MappingRegistry [main] Mapped "{[/marks],methods=[DELETE]}" onto public org.springframework.http.ResponseEntity<?> httpControllers.MarkController.deleteMark(int[])
2020-07-07 09:32:33,563 INFO o.s.w.s.h.AbstractHandlerMethodMapping$MappingRegistry [main] Mapped "{[/semesters/{semester}/global-grade],methods=[GET]}" onto public org.springframework.http.ResponseEntity<?> httpControllers.SemesterController.globalGrade(int)
2020-07-07 09:32:33,567 INFO o.s.w.s.h.AbstractHandlerMethodMapping$MappingRegistry [main] Mapped "{[/semesters/{semester}/grades],methods=[GET]}" onto public org.springframework.http.ResponseEntity<?> httpControllers.SemesterController.grades(int)
2020-07-07 09:32:33,569 INFO o.s.w.s.h.AbstractHandlerMethodMapping$MappingRegistry [main] Mapped "{[/semesters/{semester}/marks],methods=[GET]}" onto public org.springframework.http.ResponseEntity<?> httpControllers.SemesterController.getMarksCourses(int)
2020-07-07 09:32:33,575 INFO o.s.w.s.h.AbstractHandlerMethodMapping$MappingRegistry [main] Mapped "{[/error]}" onto public org.springframework.http.ResponseEntity<java.util.Map<java.lang.String, java.lang.Object>> org.springframework.boot.autoconfigure.web.servlet.error.BasicErrorController.error(javax.servlet.http.HttpServletRequest)
2020-07-07 09:32:33,577 INFO o.s.w.s.h.AbstractHandlerMethodMapping$MappingRegistry [main] Mapped "{[/error],produces=[text/html]}" onto public org.springframework.web.servlet.ModelAndView org.springframework.boot.autoconfigure.web.servlet.error.BasicErrorController.errorHtml(javax.servlet.http.HttpServletRequest,javax.servlet.http.HttpServletResponse)
2020-07-07 09:32:33,616 INFO o.s.w.s.h.AbstractUrlHandlerMapping [main] Mapped URL path [/webjars/**] onto handler of type [class org.springframework.web.servlet.resource.ResourceHttpRequestHandler]
2020-07-07 09:32:33,617 INFO o.s.w.s.h.AbstractUrlHandlerMapping [main] Mapped URL path [/**] onto handler of type [class org.springframework.web.servlet.resource.ResourceHttpRequestHandler]
2020-07-07 09:32:33,785 INFO o.s.j.e.MBeanExporter [main] Registering beans for JMX exposure on startup
2020-07-07 09:32:33,798 INFO o.a.j.l.DirectJDKLog [main] Starting ProtocolHandler ["http-nio-8080"]
2020-07-07 09:32:33,806 INFO o.a.j.l.DirectJDKLog [main] Using a shared selector for servlet write/read
2020-07-07 09:32:33,823 INFO o.s.b.w.e.t.TomcatWebServer [main] Tomcat started on port(s): 8080 (http) with context path ''
2020-07-07 09:32:33,828 INFO o.s.b.StartupInfoLogger [main] Started Main in 3.544 seconds (JVM running for 4.557)
2020-07-07 09:32:46,815 INFO o.a.j.l.DirectJDKLog [http-nio-8080-exec-1] Initializing Spring FrameworkServlet 'dispatcherServlet'
2020-07-07 09:32:46,815 INFO o.s.w.s.FrameworkServlet [http-nio-8080-exec-1] FrameworkServlet 'dispatcherServlet': initialization started
2020-07-07 09:32:46,830 INFO o.s.w.s.FrameworkServlet [http-nio-8080-exec-1] FrameworkServlet 'dispatcherServlet': initialization completed in 15 ms
